┌ Warning: Layer with Float32 parameters got Float64 input.
│   The input will be converted, but any earlier layers may be very slow.
│   layer = Dense(5 => 2, σ)    # 12 parameters
│   summary(x) = "5×1 Matrix{Float64}"
└ @ Flux ~/.julia/packages/Flux/n3cOc/src/layers/stateless.jl:60
[ Info: Epoch: 5 , Loss: 0.2935577729735526
[ Info: Epoch: 10 , Loss: 0.2935577729735526
[ Info: Epoch: 5 , Loss: 0.19587723677802638
[ Info: Epoch: 10 , Loss: 0.19587723677802635
[ Info: Epoch: 5 , Loss: 0.1414668932285746
[ Info: Epoch: 10 , Loss: 0.1414668932285746
[ Info: Epoch: 5 , Loss: 0.11071322078758013
[ Info: Epoch: 10 , Loss: 0.11071322078758013
[ Info: Epoch: 5 , Loss: 0.09094300278979796
[ Info: Epoch: 10 , Loss: 0.09094300278979796
[ Info: Epoch: 5 , Loss: 0.07716375994285887
[ Info: Epoch: 10 , Loss: 0.07716375994285887
[ Info: Epoch: 5 , Loss: 0.06701063363458797
[ Info: Epoch: 10 , Loss: 0.06701063363458797
[ Info: Epoch: 5 , Loss: 0.05921869949103122
[ Info: Epoch: 10 , Loss: 0.05921869949103123
[ Info: Epoch: 5 , Loss: 0.05305008496071548
[ Info: Epoch: 10 , Loss: 0.05305008496071548
[ Info: Epoch: 5 , Loss: 0.04804535996442155
[ Info: Epoch: 10 , Loss: 0.04804535996442155
[ Info: Epoch: 5 , Loss: 0.04390351858817832
[ Info: Epoch: 10 , Loss: 0.04390351858817832
[ Info: Epoch: 5 , Loss: 0.04041911235102131
[ Info: Epoch: 10 , Loss: 0.040419112351021316
[ Info: Epoch: 5 , Loss: 0.03744711879579915
[ Info: Epoch: 10 , Loss: 0.03744711879579915
[ Info: Epoch: 5 , Loss: 0.03488224764540195
[ Info: Epoch: 10 , Loss: 0.03488224764540196
[ Info: Epoch: 5 , Loss: 0.03264620612967106
[ Info: Epoch: 10 , Loss: 0.03264620612967106
[ Info: Epoch: 5 , Loss: 0.0306795672061969
[ Info: Epoch: 10 , Loss: 0.0306795672061969
[ Info: Epoch: 5 , Loss: 0.028936409978572074
[ Info: Epoch: 10 , Loss: 0.028936409978572074
[ Info: Epoch: 5 , Loss: 0.027380689011982175
[ Info: Epoch: 10 , Loss: 0.02738068901198218
[ Info: Epoch: 5 , Loss: 0.025983715082799414
[ Info: Epoch: 10 , Loss: 0.025983715082799418
[ Info: Epoch: 5 , Loss: 0.02472236969043051
[ Info: Epoch: 10 , Loss: 0.024722369690430512
[ Info: Epoch: 5 , Loss: 0.023577815538095764
[ Info: Epoch: 10 , Loss: 0.023577815538095768
[ Info: Epoch: 5 , Loss: 0.022534549363843737
[ Info: Epoch: 10 , Loss: 0.02253454936384374
[ Info: Epoch: 5 , Loss: 0.02157969557724019
[ Info: Epoch: 10 , Loss: 0.02157969557724019
[ Info: Epoch: 5 , Loss: 0.020702472179791404
[ Info: Epoch: 10 , Loss: 0.020702472179791404
[ Info: Epoch: 5 , Loss: 0.019893781860268304
[ Info: Epoch: 10 , Loss: 0.0198937818602683
[ Info: Epoch: 5 , Loss: 0.019145895324167987
[ Info: Epoch: 10 , Loss: 0.019145895324167987
[ Info: Epoch: 5 , Loss: 0.018452203464596684
[ Info: Epoch: 10 , Loss: 0.018452203464596684
[ Info: Epoch: 5 , Loss: 0.01780702152527512
[ Info: Epoch: 10 , Loss: 0.01780702152527512
[ Info: Epoch: 5 , Loss: 0.017205432960232046
[ Info: Epoch: 10 , Loss: 0.017205432960232046
[ Info: Epoch: 5 , Loss: 0.016643163909244068
[ Info: Epoch: 10 , Loss: 0.016643163909244068
[ Info: Epoch: 5 , Loss: 0.0161164815070528
[ Info: Epoch: 10 , Loss: 0.0161164815070528
[ Info: Epoch: 5 , Loss: 0.015622110908676948
[ Info: Epoch: 10 , Loss: 0.015622110908676948
[ Info: Epoch: 5 , Loss: 0.015157167131632994
[ Info: Epoch: 10 , Loss: 0.015157167131632994
[ Info: Epoch: 5 , Loss: 0.014719098717423945
[ Info: Epoch: 10 , Loss: 0.014719098717423945
[ Info: Epoch: 5 , Loss: 0.014305640888282825
[ Info: Epoch: 10 , Loss: 0.014305640888282825
[ Info: Epoch: 5 , Loss: 0.013914776383138483
[ Info: Epoch: 10 , Loss: 0.013914776383138483
[ Info: Epoch: 5 , Loss: 0.013544702543161397
[ Info: Epoch: 10 , Loss: 0.013544702543161397
[ Info: Epoch: 5 , Loss: 0.013193803513545816
[ Info: Epoch: 10 , Loss: 0.013193803513545816
[ Info: Epoch: 5 , Loss: 0.012860626657143144
[ Info: Epoch: 10 , Loss: 0.012860626657143144
[ Info: Epoch: 5 , Loss: 0.012543862453765233
[ Info: Epoch: 10 , Loss: 0.012543862453765235
[ Info: Epoch: 5 , Loss: 0.012242327298626648
[ Info: Epoch: 10 , Loss: 0.012242327298626648
[ Info: Epoch: 5 , Loss: 0.011954948723541515
[ Info: Epoch: 10 , Loss: 0.011954948723541513
[ Info: Epoch: 5 , Loss: 0.011680752651900654
[ Info: Epoch: 10 , Loss: 0.011680752651900654
[ Info: Epoch: 5 , Loss: 0.01141885236822575
[ Info: Epoch: 10 , Loss: 0.011418852368225752
[ Info: Epoch: 5 , Loss: 0.011168438939097993
[ Info: Epoch: 10 , Loss: 0.011168438939097993
[ Info: Epoch: 5 , Loss: 0.01092877286744353
[ Info: Epoch: 10 , Loss: 0.01092877286744353
[ Info: Epoch: 5 , Loss: 0.010699176798799758
[ Info: Epoch: 10 , Loss: 0.010699176798799758
[ Info: Epoch: 5 , Loss: 0.010479029128042562
[ Info: Epoch: 10 , Loss: 0.010479029128042562
[ Info: Epoch: 5 , Loss: 0.010267758379493317
[ Info: Epoch: 10 , Loss: 0.010267758379493317
[ Info: Epoch: 5 , Loss: 0.010064838253416373
[ Info: Epoch: 10 , Loss: 0.010064838253416373
[ Info: Epoch: 5 , Loss: 0.009869783248505204
[ Info: Epoch: 10 , Loss: 0.009869783248505203
[ Info: Epoch: 5 , Loss: 0.009682144783704725
[ Info: Epoch: 10 , Loss: 0.009682144783704725
[ Info: Epoch: 5 , Loss: 0.009501507754157994
[ Info: Epoch: 10 , Loss: 0.009501507754157996
[ Info: Epoch: 5 , Loss: 0.009327487465620302
[ Info: Epoch: 10 , Loss: 0.009327487465620302
[ Info: Epoch: 5 , Loss: 0.00915972689969188
[ Info: Epoch: 10 , Loss: 0.00915972689969188
[ Info: Epoch: 5 , Loss: 0.008997894268955274
[ Info: Epoch: 10 , Loss: 0.008997894268955274
[ Info: Epoch: 5 , Loss: 0.008841680826785912
[ Info: Epoch: 10 , Loss: 0.008841680826785912
[ Info: Epoch: 5 , Loss: 0.008690798901414139
[ Info: Epoch: 10 , Loss: 0.008690798901414139
[ Info: Epoch: 5 , Loss: 0.008544980127900477
[ Info: Epoch: 10 , Loss: 0.008544980127900479
[ Info: Epoch: 5 , Loss: 0.008403973855162847
[ Info: Epoch: 10 , Loss: 0.008403973855162847
[ Info: Epoch: 5 , Loss: 0.00826754570816345
[ Info: Epoch: 10 , Loss: 0.00826754570816345
[ Info: Epoch: 5 , Loss: 0.008135476287905247
[ Info: Epoch: 10 , Loss: 0.008135476287905247
[ Info: Epoch: 5 , Loss: 0.00800755999407026
[ Info: Epoch: 10 , Loss: 0.00800755999407026
[ Info: Epoch: 5 , Loss: 0.007883603957010349
[ Info: Epoch: 10 , Loss: 0.007883603957010349
[ Info: Epoch: 5 , Loss: 0.0077634270674217755
[ Info: Epoch: 10 , Loss: 0.0077634270674217755
[ Info: Epoch: 5 , Loss: 0.007646859093436464
[ Info: Epoch: 10 , Loss: 0.007646859093436464
[ Info: Epoch: 5 , Loss: 0.007533739876077936
[ Info: Epoch: 10 , Loss: 0.007533739876077936
[ Info: Epoch: 5 , Loss: 0.0074239185950855475
[ Info: Epoch: 10 , Loss: 0.007423918595085547
[ Info: Epoch: 5 , Loss: 0.007317253098029721
[ Info: Epoch: 10 , Loss: 0.00731725309802972
[ Info: Epoch: 5 , Loss: 0.0072136092864428965
[ Info: Epoch: 10 , Loss: 0.0072136092864428965
[ Info: Epoch: 5 , Loss: 0.007112860553392018
[ Info: Epoch: 10 , Loss: 0.007112860553392018
[ Info: Epoch: 5 , Loss: 0.007014887267532624
[ Info: Epoch: 10 , Loss: 0.007014887267532624
[ Info: Epoch: 5 , Loss: 0.006919576299223758
[ Info: Epoch: 10 , Loss: 0.006919576299223756
[ Info: Epoch: 5 , Loss: 0.006826820584756951
[ Info: Epoch: 10 , Loss: 0.00682682058475695
[ Info: Epoch: 5 , Loss: 0.0067365187251702185
[ Info: Epoch: 10 , Loss: 0.0067365187251702185
[ Info: Epoch: 5 , Loss: 0.006648574616486534
[ Info: Epoch: 10 , Loss: 0.006648574616486534
[ Info: Epoch: 5 , Loss: 0.00656289710854212
[ Info: Epoch: 10 , Loss: 0.0065628971085421196
[ Info: Epoch: 5 , Loss: 0.006479399689858377
[ Info: Epoch: 10 , Loss: 0.006479399689858377
[ Info: Epoch: 5 , Loss: 0.006398000196267192
[ Info: Epoch: 10 , Loss: 0.006398000196267192
[ Info: Epoch: 5 , Loss: 0.006318620541226657
[ Info: Epoch: 10 , Loss: 0.006318620541226657
[ Info: Epoch: 5 , Loss: 0.006241186465966526
[ Info: Epoch: 10 , Loss: 0.006241186465966526
[ Info: Epoch: 5 , Loss: 0.006165627307782911
[ Info: Epoch: 10 , Loss: 0.006165627307782912
[ Info: Epoch: 5 , Loss: 0.006091875784962542
[ Info: Epoch: 10 , Loss: 0.006091875784962542
[ Info: Epoch: 5 , Loss: 0.006019867796960621
[ Info: Epoch: 10 , Loss: 0.006019867796960622
[ Info: Epoch: 5 , Loss: 0.0059495422385849135
[ Info: Epoch: 10 , Loss: 0.005949542238584913
[ Info: Epoch: 5 , Loss: 0.005880840827053909
[ Info: Epoch: 10 , Loss: 0.005880840827053909
[ Info: Epoch: 5 , Loss: 0.005813707940900326
[ Info: Epoch: 10 , Loss: 0.005813707940900325
[ Info: Epoch: 5 , Loss: 0.005748090469784068
[ Info: Epoch: 10 , Loss: 0.005748090469784068
[ Info: Epoch: 5 , Loss: 0.0056839376743623715
[ Info: Epoch: 10 , Loss: 0.0056839376743623715
[ Info: Epoch: 5 , Loss: 0.005621201055440049
[ Info: Epoch: 10 , Loss: 0.00562120105544005
[ Info: Epoch: 5 , Loss: 0.005559834231690704
[ Info: Epoch: 10 , Loss: 0.005559834231690704
[ Info: Epoch: 5 , Loss: 0.005499792825300956
[ Info: Epoch: 10 , Loss: 0.005499792825300957
[ Info: Epoch: 5 , Loss: 0.0054410343549451765
[ Info: Epoch: 10 , Loss: 0.0054410343549451765
[ Info: Epoch: 5 , Loss: 0.0053835181355482925
[ Info: Epoch: 10 , Loss: 0.0053835181355482925
[ Info: Epoch: 5 , Loss: 0.005327205184339628
[ Info: Epoch: 10 , Loss: 0.005327205184339628
[ Info: Epoch: 5 , Loss: 0.005272058132741911
[ Info: Epoch: 10 , Loss: 0.00527205813274191
[ Info: Epoch: 5 , Loss: 0.005218041143676931
[ Info: Epoch: 10 , Loss: 0.005218041143676931
[ Info: Epoch: 5 , Loss: 0.005165119833903332
[ Info: Epoch: 10 , Loss: 0.005165119833903332
[ Info: Epoch: 5 , Loss: 0.005113261201032816
[ Info: Epoch: 10 , Loss: 0.005113261201032816
[ Info: Epoch: 5 , Loss: 0.00506243355489929
[ Info: Epoch: 10 , Loss: 0.00506243355489929
[ Info: Epoch: 5 , Loss: 0.005012606452980989
[ Info: Epoch: 10 , Loss: 0.00501260645298099
[ Info: Epoch: 5 , Loss: 0.004963750639599108
[ Info: Epoch: 10 , Loss: 0.004963750639599108
[ Info: Epoch: 5 , Loss: 0.0049158379886377265
[ Info: Epoch: 10 , Loss: 0.0049158379886377265
[ Info: Epoch: 5 , Loss: 0.004868841449549413
[ Info: Epoch: 10 , Loss: 0.004868841449549413
[ Info: Epoch: 5 , Loss: 0.0048227349964286795
[ Info: Epoch: 10 , Loss: 0.004822734996428679
[ Info: Epoch: 5 , Loss: 0.004777493579951862
[ Info: Epoch: 10 , Loss: 0.004777493579951862
[ Info: Epoch: 5 , Loss: 0.0047330930819969195
[ Info: Epoch: 10 , Loss: 0.004733093081996919
[ Info: Epoch: 5 , Loss: 0.004689510272770428
[ Info: Epoch: 10 , Loss: 0.004689510272770429
[ Info: Epoch: 5 , Loss: 0.0046467227702816465
[ Info: Epoch: 10 , Loss: 0.004646722770281647
[ Info: Epoch: 5 , Loss: 0.004604709002015085
[ Info: Epoch: 10 , Loss: 0.004604709002015085
[ Info: Epoch: 5 , Loss: 0.004563448168663696
[ Info: Epoch: 10 , Loss: 0.004563448168663696
[ Info: Epoch: 5 , Loss: 0.0045229202097945695
[ Info: Epoch: 10 , Loss: 0.0045229202097945695
[ Info: Epoch: 5 , Loss: 0.004483105771328068
[ Info: Epoch: 10 , Loss: 0.004483105771328068
[ Info: Epoch: 5 , Loss: 0.00444398617471962
[ Info: Epoch: 10 , Loss: 0.00444398617471962
[ Info: Epoch: 5 , Loss: 0.004405543387741078
[ Info: Epoch: 10 , Loss: 0.004405543387741077
[ Info: Epoch: 5 , Loss: 0.004367759996765597
[ Info: Epoch: 10 , Loss: 0.004367759996765596
[ Info: Epoch: 5 , Loss: 0.004330619180466569
[ Info: Epoch: 10 , Loss: 0.004330619180466569
[ Info: Epoch: 5 , Loss: 0.004294104684847121
[ Info: Epoch: 10 , Loss: 0.004294104684847121
[ Info: Epoch: 5 , Loss: 0.004258200799522311
[ Info: Epoch: 10 , Loss: 0.004258200799522311
[ Info: Epoch: 5 , Loss: 0.004222892335181331
[ Info: Epoch: 10 , Loss: 0.00422289233518133
[ Info: Epoch: 5 , Loss: 0.004188164602161748
[ Info: Epoch: 10 , Loss: 0.004188164602161748
[ Info: Epoch: 5 , Loss: 0.004154003390072337
[ Info: Epoch: 10 , Loss: 0.004154003390072337
[ Info: Epoch: 5 , Loss: 0.004120394948405086
[ Info: Epoch: 10 , Loss: 0.004120394948405085
[ Info: Epoch: 5 , Loss: 0.004087325968080807
[ Info: Epoch: 10 , Loss: 0.004087325968080807
[ Info: Epoch: 5 , Loss: 0.004054783563876342
[ Info: Epoch: 10 , Loss: 0.004054783563876342
[ Info: Epoch: 5 , Loss: 0.004022755257684585
[ Info: Epoch: 10 , Loss: 0.004022755257684585
[ Info: Epoch: 5 , Loss: 0.003991228962561666
[ Info: Epoch: 10 , Loss: 0.003991228962561666
[ Info: Epoch: 5 , Loss: 0.003960192967518417
[ Info: Epoch: 10 , Loss: 0.003960192967518417
[ Info: Epoch: 5 , Loss: 0.0039296359230159604
[ Info: Epoch: 10 , Loss: 0.0039296359230159604
[ Info: Epoch: 5 , Loss: 0.0038995468271276305
[ Info: Epoch: 10 , Loss: 0.0038995468271276305
[ Info: Epoch: 5 , Loss: 0.003869915012331827
[ Info: Epoch: 10 , Loss: 0.003869915012331827
[ Info: Epoch: 5 , Loss: 0.0038407301329024773
[ Info: Epoch: 10 , Loss: 0.0038407301329024773
[ Info: Epoch: 5 , Loss: 0.003811982152865782
[ Info: Epoch: 10 , Loss: 0.0038119821528657827
[ Info: Epoch: 5 , Loss: 0.003783661334493823
[ Info: Epoch: 10 , Loss: 0.003783661334493823
[ Info: Epoch: 5 , Loss: 0.00375575822730729
[ Info: Epoch: 10 , Loss: 0.0037557582273072903
[ Info: Epoch: 5 , Loss: 0.003728263657561263
[ Info: Epoch: 10 , Loss: 0.0037282636575612627
[ Info: Epoch: 5 , Loss: 0.0037011687181894514
[ Info: Epoch: 10 , Loss: 0.0037011687181894514
[ Info: Epoch: 5 , Loss: 0.003674464759183756
[ Info: Epoch: 10 , Loss: 0.003674464759183756
[ Info: Epoch: 5 , Loss: 0.00364814337838731
[ Info: Epoch: 10 , Loss: 0.00364814337838731
[ Info: Epoch: 5 , Loss: 0.003622196412680431
[ Info: Epoch: 10 , Loss: 0.00362219641268043
[ Info: Epoch: 5 , Loss: 0.003596615929540032
[ Info: Epoch: 10 , Loss: 0.003596615929540032
[ Info: Epoch: 5 , Loss: 0.003571394218954197
[ Info: Epoch: 10 , Loss: 0.0035713942189541975
[ Info: Epoch: 5 , Loss: 0.0035465237856745716
[ Info: Epoch: 10 , Loss: 0.0035465237856745716
[ Info: Epoch: 5 , Loss: 0.0035219973417902387
[ Info: Epoch: 10 , Loss: 0.0035219973417902387
[ Info: Epoch: 5 , Loss: 0.003497807799607613
[ Info: Epoch: 10 , Loss: 0.003497807799607613
[ Info: Epoch: 5 , Loss: 0.0034739482648217497
[ Info: Epoch: 10 , Loss: 0.00347394826482175
[ Info: Epoch: 5 , Loss: 0.003450412029965234
[ Info: Epoch: 10 , Loss: 0.0034504120299652338
[ Info: Epoch: 5 , Loss: 0.0034271925681215913
[ Info: Epoch: 10 , Loss: 0.0034271925681215913
[ Info: Epoch: 5 , Loss: 0.0034042835268908323
[ Info: Epoch: 10 , Loss: 0.0034042835268908323
[ Info: Epoch: 5 , Loss: 0.003381678722595409
[ Info: Epoch: 10 , Loss: 0.0033816787225954084
[ Info: Epoch: 5 , Loss: 0.003359372134715492
[ Info: Epoch: 10 , Loss: 0.003359372134715491
[ Info: Epoch: 5 , Loss: 0.0033373579005430438
[ Info: Epoch: 10 , Loss: 0.0033373579005430438
[ Info: Epoch: 5 , Loss: 0.003315630310044717
[ Info: Epoch: 10 , Loss: 0.0033156303100447173
[ Info: Epoch: 5 , Loss: 0.003294183800924117
[ Info: Epoch: 10 , Loss: 0.003294183800924117
[ Info: Epoch: 5 , Loss: 0.003273012953874476
[ Info: Epoch: 10 , Loss: 0.003273012953874476
[ Info: Epoch: 5 , Loss: 0.003252112488013209
[ Info: Epoch: 10 , Loss: 0.0032521124880132085
[ Info: Epoch: 5 , Loss: 0.0032314772564902825
[ Info: Epoch: 10 , Loss: 0.003231477256490282
[ Info: Epoch: 5 , Loss: 0.0032111022422627268
[ Info: Epoch: 10 , Loss: 0.003211102242262727
[ Info: Epoch: 5 , Loss: 0.0031909825540279986
[ Info: Epoch: 10 , Loss: 0.003190982554027998
[ Info: Epoch: 5 , Loss: 0.003171113422309269
[ Info: Epoch: 10 , Loss: 0.0031711134223092684
[ Info: Epoch: 5 , Loss: 0.003151490195686068
[ Info: Epoch: 10 , Loss: 0.0031514901956860675
[ Info: Epoch: 5 , Loss: 0.003132108337164013
[ Info: Epoch: 10 , Loss: 0.003132108337164013
[ Info: Epoch: 5 , Loss: 0.00311296342067768
[ Info: Epoch: 10 , Loss: 0.00311296342067768
[ Info: Epoch: 5 , Loss: 0.0030940511277209506
[ Info: Epoch: 10 , Loss: 0.003094051127720951
[ Info: Epoch: 5 , Loss: 0.0030753672440994475
[ Info: Epoch: 10 , Loss: 0.0030753672440994475
[ Info: Epoch: 5 , Loss: 0.0030569076567999315
[ Info: Epoch: 10 , Loss: 0.003056907656799931
[ Info: Epoch: 5 , Loss: 0.003038668350971769
[ Info: Epoch: 10 , Loss: 0.003038668350971769
[ Info: Epoch: 5 , Loss: 0.003020645407015828
[ Info: Epoch: 10 , Loss: 0.0030206454070158275
[ Info: Epoch: 5 , Loss: 0.003002834997776347
[ Info: Epoch: 10 , Loss: 0.003002834997776347
[ Info: Epoch: 5 , Loss: 0.0029852333858315853
[ Info: Epoch: 10 , Loss: 0.0029852333858315858
[ Info: Epoch: 5 , Loss: 0.0029678369208791873
[ Info: Epoch: 10 , Loss: 0.002967836920879187
[ Info: Epoch: 5 , Loss: 0.002950642037212448
[ Info: Epoch: 10 , Loss: 0.002950642037212448
[ Info: Epoch: 5 , Loss: 0.002933645251283805
[ Info: Epoch: 10 , Loss: 0.002933645251283805
[ Info: Epoch: 5 , Loss: 0.0029168431593520534
[ Info: Epoch: 10 , Loss: 0.002916843159352054
[ Info: Epoch: 5 , Loss: 0.0029002324352099575
[ Info: Epoch: 10 , Loss: 0.0029002324352099575
[ Info: Epoch: 5 , Loss: 0.0028838098279890634
[ Info: Epoch: 10 , Loss: 0.002883809827989063
[ Info: Epoch: 5 , Loss: 0.0028675721600386742
[ Info: Epoch: 10 , Loss: 0.002867572160038674
[ Info: Epoch: 5 , Loss: 0.002851516324876083
[ Info: Epoch: 10 , Loss: 0.002851516324876083
[ Info: Epoch: 5 , Loss: 0.0028356392852052813
[ Info: Epoch: 10 , Loss: 0.0028356392852052813
[ Info: Epoch: 5 , Loss: 0.0028199380710014874
[ Info: Epoch: 10 , Loss: 0.002819938071001487
[ Info: Epoch: 5 , Loss: 0.0028044097776589675
[ Info: Epoch: 10 , Loss: 0.0028044097776589675
[ Info: Epoch: 5 , Loss: 0.002789051564199718
[ Info: Epoch: 10 , Loss: 0.002789051564199718
[ Info: Epoch: 5 , Loss: 0.0027738606515406786
[ Info: Epoch: 10 , Loss: 0.002773860651540678
[ Info: Epoch: 5 , Loss: 0.0027588343208172724
[ Info: Epoch: 10 , Loss: 0.0027588343208172724
[ Info: Epoch: 5 , Loss: 0.002743969911761145
[ Info: Epoch: 10 , Loss: 0.002743969911761145
[ Info: Epoch: 5 , Loss: 0.0027292648211300562
[ Info: Epoch: 10 , Loss: 0.0027292648211300562
[ Info: Epoch: 5 , Loss: 0.0027147165011879985
[ Info: Epoch: 10 , Loss: 0.0027147165011879985
[ Info: Epoch: 5 , Loss: 0.0027003224582336613
[ Info: Epoch: 10 , Loss: 0.0027003224582336613
[ Info: Epoch: 5 , Loss: 0.0026860802511754667
[ Info: Epoch: 10 , Loss: 0.0026860802511754667
[ Info: Epoch: 5 , Loss: 0.0026719874901514613
[ Info: Epoch: 10 , Loss: 0.0026719874901514613
[ Info: Epoch: 5 , Loss: 0.002658041835192424
[ Info: Epoch: 10 , Loss: 0.002658041835192424
[ Info: Epoch: 5 , Loss: 0.002644240994926628
[ Info: Epoch: 10 , Loss: 0.0026442409949266276
[ Info: Epoch: 5 , Loss: 0.002630582725324734
[ Info: Epoch: 10 , Loss: 0.002630582725324734
[ Info: Epoch: 5 , Loss: 0.002617064828483394
[ Info: Epoch: 10 , Loss: 0.002617064828483394
[ Info: Epoch: 5 , Loss: 0.0026036851514461582
[ Info: Epoch: 10 , Loss: 0.002603685151446158
[ Info: Epoch: 5 , Loss: 0.002590441585060369
[ Info: Epoch: 10 , Loss: 0.002590441585060369
[ Info: Epoch: 5 , Loss: 0.002577332062868768
[ Info: Epoch: 10 , Loss: 0.002577332062868768
[ Info: Epoch: 5 , Loss: 0.0025643545600345847
[ Info: Epoch: 10 , Loss: 0.0025643545600345847
[ Info: Epoch: 5 , Loss: 0.0025515070922989404
[ Info: Epoch: 10 , Loss: 0.002551507092298941
[ Info: Epoch: 5 , Loss: 0.002538787714969434
[ Info: Epoch: 10 , Loss: 0.0025387877149694346
[ Info: Epoch: 5 , Loss: 0.002526194521938832
[ Info: Epoch: 10 , Loss: 0.0025261945219388323
[ Info: Epoch: 5 , Loss: 0.002513725644732816
[ Info: Epoch: 10 , Loss: 0.002513725644732816
[ Info: Epoch: 5 , Loss: 0.002501379251585798
[ Info: Epoch: 10 , Loss: 0.0025013792515857984
[ Info: Epoch: 5 , Loss: 0.0024891535465438345
[ Info: Epoch: 10 , Loss: 0.0024891535465438345
[ Info: Epoch: 5 , Loss: 0.0024770467685937183
[ Info: Epoch: 10 , Loss: 0.0024770467685937187
[ Info: Epoch: 5 , Loss: 0.0024650571908173694
[ Info: Epoch: 10 , Loss: 0.0024650571908173694
[ Info: Epoch: 5 , Loss: 0.002453183119570658
[ Info: Epoch: 10 , Loss: 0.002453183119570658
[ Info: Epoch: 5 , Loss: 0.0024414228936858514
[ Info: Epoch: 10 , Loss: 0.0024414228936858514
[ Info: Epoch: 5 , Loss: 0.0024297748836968917
[ Info: Epoch: 10 , Loss: 0.002429774883696892
[ Info: Epoch: 5 , Loss: 0.002418237491086745
[ Info: Epoch: 10 , Loss: 0.0024182374910867452
[ Info: Epoch: 5 , Loss: 0.002406809147556089
[ Info: Epoch: 10 , Loss: 0.002406809147556089
[ Info: Epoch: 5 , Loss: 0.002395488314312646
[ Info: Epoch: 10 , Loss: 0.002395488314312646
[ Info: Epoch: 5 , Loss: 0.0023842734813804703
[ Info: Epoch: 10 , Loss: 0.0023842734813804703
[ Info: Epoch: 5 , Loss: 0.0023731631669285575
[ Info: Epoch: 10 , Loss: 0.002373163166928558
[ Info: Epoch: 5 , Loss: 0.0023621559166181285
[ Info: Epoch: 10 , Loss: 0.002362155916618129
[ Info: Epoch: 5 , Loss: 0.0023512503029679984
[ Info: Epoch: 10 , Loss: 0.002351250302967999
[ Info: Epoch: 5 , Loss: 0.0023404449247374473
[ Info: Epoch: 10 , Loss: 0.0023404449247374473
[ Info: Epoch: 5 , Loss: 0.0023297384063260228
[ Info: Epoch: 10 , Loss: 0.0023297384063260223
[ Info: Epoch: 5 , Loss: 0.0023191293971897473
[ Info: Epoch: 10 , Loss: 0.0023191293971897473
[ Info: Epoch: 5 , Loss: 0.0023086165712732027
[ Info: Epoch: 10 , Loss: 0.0023086165712732027
[ Info: Epoch: 5 , Loss: 0.002298198626456988
[ Info: Epoch: 10 , Loss: 0.0022981986264569883
[ Info: Epoch: 5 , Loss: 0.0022878742840200745
[ Info: Epoch: 10 , Loss: 0.0022878742840200745
[ Info: Epoch: 5 , Loss: 0.0022776422881165856
[ Info: Epoch: 10 , Loss: 0.0022776422881165856
[ Info: Epoch: 5 , Loss: 0.002267501405266556
[ Info: Epoch: 10 , Loss: 0.0022675014052665563
[ Info: Epoch: 5 , Loss: 0.0022574504238602328
[ Info: Epoch: 10 , Loss: 0.0022574504238602328
[ Info: Epoch: 5 , Loss: 0.002247488153675501
[ Info: Epoch: 10 , Loss: 0.0022474881536755013
[ Info: Epoch: 5 , Loss: 0.002237613425408034
[ Info: Epoch: 10 , Loss: 0.0022376134254080337
[ Info: Epoch: 5 , Loss: 0.0022278250902137728
[ Info: Epoch: 10 , Loss: 0.0022278250902137728
[ Info: Epoch: 5 , Loss: 0.0022181220192633647
[ Info: Epoch: 10 , Loss: 0.0022181220192633647
[ Info: Epoch: 5 , Loss: 0.0022085031033081894
[ Info: Epoch: 10 , Loss: 0.0022085031033081894
[ Info: Epoch: 5 , Loss: 0.002198967252257636
[ Info: Epoch: 10 , Loss: 0.002198967252257636
[ Info: Epoch: 5 , Loss: 0.0021895133947672763
[ Info: Epoch: 10 , Loss: 0.0021895133947672763
[ Info: Epoch: 5 , Loss: 0.002180140477837622
[ Info: Epoch: 10 , Loss: 0.002180140477837622
[ Info: Epoch: 5 , Loss: 0.0021708474664231393
[ Info: Epoch: 10 , Loss: 0.0021708474664231397
[ Info: Epoch: 5 , Loss: 0.0021616333430512246
[ Info: Epoch: 10 , Loss: 0.0021616333430512246
[ Info: Epoch: 5 , Loss: 0.0021524971074508388
[ Info: Epoch: 10 , Loss: 0.002152497107450839
[ Info: Epoch: 5 , Loss: 0.002143437776190524
[ Info: Epoch: 10 , Loss: 0.0021434377761905244
[ Info: Epoch: 5 , Loss: 0.0021344543823255176
[ Info: Epoch: 10 , Loss: 0.0021344543823255176
[ Info: Epoch: 5 , Loss: 0.0021255459750537083
[ Info: Epoch: 10 , Loss: 0.0021255459750537083
[ Info: Epoch: 5 , Loss: 0.0021167116193801685
[ Info: Epoch: 10 , Loss: 0.002116711619380168
[ Info: Epoch: 5 , Loss: 0.0021079503957900187
[ Info: Epoch: 10 , Loss: 0.002107950395790019
[ Info: Epoch: 5 , Loss: 0.0020992613999293837
[ Info: Epoch: 10 , Loss: 0.0020992613999293837
[ Info: Epoch: 5 , Loss: 0.002090643742294206
[ Info: Epoch: 10 , Loss: 0.002090643742294206
[ Info: Epoch: 5 , Loss: 0.0020820965479266904
[ Info: Epoch: 10 , Loss: 0.0020820965479266904
[ Info: Epoch: 5 , Loss: 0.0020736189561191714
[ Info: Epoch: 10 , Loss: 0.0020736189561191714
[ Info: Epoch: 5 , Loss: 0.0020652101201251763
[ Info: Epoch: 10 , Loss: 0.0020652101201251763
[ Info: Epoch: 5 , Loss: 0.002056869206877498
[ Info: Epoch: 10 , Loss: 0.002056869206877498
[ Info: Epoch: 5 , Loss: 0.002048595396713067
[ Info: Epoch: 10 , Loss: 0.002048595396713067
[ Info: Epoch: 5 , Loss: 0.002040387883104441
[ Info: Epoch: 10 , Loss: 0.0020403878831044414
[ Info: Epoch: 5 , Loss: 0.0020322458723977194
[ Info: Epoch: 10 , Loss: 0.00203224587239772
[ Info: Epoch: 5 , Loss: 0.0020241685835567114
[ Info: Epoch: 10 , Loss: 0.002024168583556711
[ Info: Epoch: 5 , Loss: 0.0020161552479131773
[ Info: Epoch: 10 , Loss: 0.002016155247913177
[ Info: Epoch: 5 , Loss: 0.0020082051089229834
[ Info: Epoch: 10 , Loss: 0.002008205108922983
[ Info: Epoch: 5 , Loss: 0.002000317421927999
[ Info: Epoch: 10 , Loss: 0.0020003174219279988
[ Info: Epoch: 5 , Loss: 0.0019924914539235857
[ Info: Epoch: 10 , Loss: 0.001992491453923586
[ Info: Epoch: 5 , Loss: 0.001984726483331522
[ Info: Epoch: 10 , Loss: 0.001984726483331522
[ Info: Epoch: 5 , Loss: 0.0019770217997782166
[ Info: Epoch: 10 , Loss: 0.0019770217997782166
[ Info: Epoch: 5 , Loss: 0.0019693767038780684
[ Info: Epoch: 10 , Loss: 0.0019693767038780684
[ Info: Epoch: 5 , Loss: 0.0019617905070218353
[ Info: Epoch: 10 , Loss: 0.0019617905070218353
[ Info: Epoch: 5 , Loss: 0.0019542625311698716
[ Info: Epoch: 10 , Loss: 0.0019542625311698716
[ Info: Epoch: 5 , Loss: 0.0019467921086501088
[ Info: Epoch: 10 , Loss: 0.0019467921086501088
[ Info: Epoch: 5 , Loss: 0.0019393785819606568
[ Info: Epoch: 10 , Loss: 0.0019393785819606568
[ Info: Epoch: 5 , Loss: 0.0019320213035768912
[ Info: Epoch: 10 , Loss: 0.0019320213035768912
[ Info: Epoch: 5 , Loss: 0.0019247196357629194
[ Info: Epoch: 10 , Loss: 0.0019247196357629198
[ Info: Epoch: 5 , Loss: 0.001917472950387306
[ Info: Epoch: 10 , Loss: 0.001917472950387306
[ Info: Epoch: 5 , Loss: 0.0019102806287429426
[ Info: Epoch: 10 , Loss: 0.0019102806287429426
[ Info: Epoch: 5 , Loss: 0.0019031420613709587
[ Info: Epoch: 10 , Loss: 0.0019031420613709585
[ Info: Epoch: 5 , Loss: 0.0018960566478885648
[ Info: Epoch: 10 , Loss: 0.0018960566478885648
[ Info: Epoch: 5 , Loss: 0.0018890237968207288
[ Info: Epoch: 10 , Loss: 0.001889023796820729
[ Info: Epoch: 5 , Loss: 0.001882042925435582
[ Info: Epoch: 10 , Loss: 0.001882042925435582
[ Info: Epoch: 5 , Loss: 0.001875113459583463
[ Info: Epoch: 10 , Loss: 0.0018751134595834627
[ Info: Epoch: 5 , Loss: 0.001868234833539503
[ Info: Epoch: 10 , Loss: 0.001868234833539503
[ Info: Epoch: 5 , Loss: 0.0018614064898496655
[ Info: Epoch: 10 , Loss: 0.0018614064898496655
[ Info: Epoch: 5 , Loss: 0.0018546278791801475
[ Info: Epoch: 10 , Loss: 0.0018546278791801477
[ Info: Epoch: 5 , Loss: 0.00184789846017006
[ Info: Epoch: 10 , Loss: 0.0018478984601700598
[ Info: Epoch: 5 , Loss: 0.0018412176992873047
[ Info: Epoch: 10 , Loss: 0.0018412176992873047
[ Info: Epoch: 5 , Loss: 0.0018345850706875666
[ Info: Epoch: 10 , Loss: 0.0018345850706875668
[ Info: Epoch: 5 , Loss: 0.0018280000560763406
[ Info: Epoch: 10 , Loss: 0.0018280000560763406
[ Info: Epoch: 5 , Loss: 0.0018214621445739217
[ Info: Epoch: 10 , Loss: 0.0018214621445739217
[ Info: Epoch: 5 , Loss: 0.0018149708325832805
[ Info: Epoch: 10 , Loss: 0.0018149708325832805
[ Info: Epoch: 5 , Loss: 0.0018085256236607546
[ Info: Epoch: 10 , Loss: 0.0018085256236607546
[ Info: Epoch: 5 , Loss: 0.0018021260283894852
[ Info: Epoch: 10 , Loss: 0.001802126028389485
[ Info: Epoch: 5 , Loss: 0.0017957715642555306
[ Info: Epoch: 10 , Loss: 0.0017957715642555308
[ Info: Epoch: 5 , Loss: 0.0017894617555265938
[ Info: Epoch: 10 , Loss: 0.0017894617555265933
[ Info: Epoch: 5 , Loss: 0.001783196133133293
[ Info: Epoch: 10 , Loss: 0.001783196133133293
[ Info: Epoch: 5 , Loss: 0.0017769742345529257
[ Info: Epoch: 10 , Loss: 0.0017769742345529257
[ Info: Epoch: 5 , Loss: 0.0017707956036956485
[ Info: Epoch: 10 , Loss: 0.0017707956036956485
[ Info: Epoch: 5 , Loss: 0.00176465979079303
[ Info: Epoch: 10 , Loss: 0.0017646597907930303
[ Info: Epoch: 5 , Loss: 0.0017585663522889105
[ Info: Epoch: 10 , Loss: 0.0017585663522889105
[ Info: Epoch: 5 , Loss: 0.0017525148507325139
[ Info: Epoch: 10 , Loss: 0.0017525148507325139
[ Info: Epoch: 5 , Loss: 0.0017465048546737604
[ Info: Epoch: 10 , Loss: 0.0017465048546737602
[ Info: Epoch: 5 , Loss: 0.0017405359385607264
[ Info: Epoch: 10 , Loss: 0.0017405359385607262
[ Info: Epoch: 5 , Loss: 0.0017346076826391978
[ Info: Epoch: 10 , Loss: 0.0017346076826391978
[ Info: Epoch: 5 , Loss: 0.001728719672854272
[ Info: Epoch: 10 , Loss: 0.001728719672854272
[ Info: Epoch: 5 , Loss: 0.001722871500753953
[ Info: Epoch: 10 , Loss: 0.001722871500753953
[ Info: Epoch: 5 , Loss: 0.0017170627633947017
[ Info: Epoch: 10 , Loss: 0.0017170627633947017
[ Info: Epoch: 5 , Loss: 0.001711293063248886
[ Info: Epoch: 10 , Loss: 0.001711293063248886
[ Info: Epoch: 5 , Loss: 0.0017055620081140941
[ Info: Epoch: 10 , Loss: 0.0017055620081140943
[ Info: Epoch: 5 , Loss: 0.001699869211024261
[ Info: Epoch: 10 , Loss: 0.001699869211024261
[ Info: Epoch: 5 , Loss: 0.0016942142901625698
[ Info: Epoch: 10 , Loss: 0.0016942142901625698
[ Info: Epoch: 5 , Loss: 0.0016885968687760894
[ Info: Epoch: 10 , Loss: 0.0016885968687760894
[ Info: Epoch: 5 , Loss: 0.0016830165750920968
[ Info: Epoch: 10 , Loss: 0.0016830165750920968
[ Info: Epoch: 5 , Loss: 0.0016774730422360624
[ Info: Epoch: 10 , Loss: 0.0016774730422360622
[ Info: Epoch: 5 , Loss: 0.0016719659081512427
[ Info: Epoch: 10 , Loss: 0.0016719659081512427
[ Info: Epoch: 5 , Loss: 0.0016664948155198577
[ Info: Epoch: 10 , Loss: 0.001666494815519858
[ Info: Epoch: 5 , Loss: 0.0016610594116858077
[ Info: Epoch: 10 , Loss: 0.0016610594116858075
[ Info: Epoch: 5 , Loss: 0.0016556593485788963
[ Info: Epoch: 10 , Loss: 0.0016556593485788963
[ Info: Epoch: 5 , Loss: 0.0016502942826405332
[ Info: Epoch: 10 , Loss: 0.001650294282640533
[ Info: Epoch: 5 , Loss: 0.0016449638747508674
[ Info: Epoch: 10 , Loss: 0.0016449638747508672
[ Info: Epoch: 5 , Loss: 0.0016396677901573359
[ Info: Epoch: 10 , Loss: 0.001639667790157336
[ Info: Epoch: 5 , Loss: 0.0016344056984045846
[ Info: Epoch: 10 , Loss: 0.0016344056984045844
[ Info: Epoch: 5 , Loss: 0.0016291772732657341
[ Info: Epoch: 10 , Loss: 0.0016291772732657341
[ Info: Epoch: 5 , Loss: 0.0016239821926749634
[ Info: Epoch: 10 , Loss: 0.0016239821926749636
[ Info: Epoch: 5 , Loss: 0.0016188201386613747
[ Info: Epoch: 10 , Loss: 0.001618820138661375
[ Info: Epoch: 5 , Loss: 0.0016136907972841208
[ Info: Epoch: 10 , Loss: 0.0016136907972841208
[ Info: Epoch: 5 , Loss: 0.001608593858568757
[ Info: Epoch: 10 , Loss: 0.0016085938585687573
[ Info: Epoch: 5 , Loss: 0.0016035290164448
[ Info: Epoch: 10 , Loss: 0.0016035290164448
[ Info: Epoch: 5 , Loss: 0.0015984959686844585
[ Info: Epoch: 10 , Loss: 0.0015984959686844585
[ Info: Epoch: 5 , Loss: 0.001593494416842517
[ Info: Epoch: 10 , Loss: 0.001593494416842517
[ Info: Epoch: 5 , Loss: 0.001588524066197344
[ Info: Epoch: 10 , Loss: 0.001588524066197344
[ Info: Epoch: 5 , Loss: 0.001583584625692999
[ Info: Epoch: 10 , Loss: 0.001583584625692999
[ Info: Epoch: 5 , Loss: 0.0015786758078824195
[ Info: Epoch: 10 , Loss: 0.0015786758078824195
[ Info: Epoch: 5 , Loss: 0.0015737973288716578
[ Info: Epoch: 10 , Loss: 0.0015737973288716578
[ Info: Epoch: 5 , Loss: 0.0015689489082651525
[ Info: Epoch: 10 , Loss: 0.0015689489082651525
[ Info: Epoch: 5 , Loss: 0.001564130269112004
[ Info: Epoch: 10 , Loss: 0.001564130269112004
[ Info: Epoch: 5 , Loss: 0.0015593411378532409
[ Info: Epoch: 10 , Loss: 0.0015593411378532409
[ Info: Epoch: 5 , Loss: 0.0015545812442700506
[ Info: Epoch: 10 , Loss: 0.0015545812442700506
[ Info: Epoch: 5 , Loss: 0.0015498503214329534
[ Info: Epoch: 10 , Loss: 0.0015498503214329536
[ Info: Epoch: 5 , Loss: 0.0015451481056519068
[ Info: Epoch: 10 , Loss: 0.001545148105651907
[ Info: Epoch: 5 , Loss: 0.0015404743364273094
[ Info: Epoch: 10 , Loss: 0.0015404743364273094
[ Info: Epoch: 5 , Loss: 0.0015358287564018953
[ Info: Epoch: 10 , Loss: 0.0015358287564018953
[ Info: Epoch: 5 , Loss: 0.001531211111313495
[ Info: Epoch: 10 , Loss: 0.001531211111313495
[ Info: Epoch: 5 , Loss: 0.0015266211499486465
[ Info: Epoch: 10 , Loss: 0.0015266211499486465
[ Info: Epoch: 5 , Loss: 0.001522058624097037
[ Info: Epoch: 10 , Loss: 0.001522058624097037
[ Info: Epoch: 5 , Loss: 0.0015175232885067595
[ Info: Epoch: 10 , Loss: 0.0015175232885067597
[ Info: Epoch: 5 , Loss: 0.0015130149008403698
[ Info: Epoch: 10 , Loss: 0.00151301490084037
[ Info: Epoch: 5 , Loss: 0.0015085332216317198
[ Info: Epoch: 10 , Loss: 0.0015085332216317195
[ Info: Epoch: 5 , Loss: 0.0015040780142435573
[ Info: Epoch: 10 , Loss: 0.0015040780142435576
[ Info: Epoch: 5 , Loss: 0.001499649044825879
[ Info: Epoch: 10 , Loss: 0.0014996490448258792
[ Info: Epoch: 5 , Loss: 0.0014952460822750104
[ Info: Epoch: 10 , Loss: 0.0014952460822750104
[ Info: Epoch: 5 , Loss: 0.0014908688981934092
[ Info: Epoch: 10 , Loss: 0.001490868898193409
[ Info: Epoch: 5 , Loss: 0.001486517266850171
[ Info: Epoch: 10 , Loss: 0.0014865172668501708
[ Info: Epoch: 5 , Loss: 0.001482190965142225
[ Info: Epoch: 10 , Loss: 0.001482190965142225
[ Info: Epoch: 5 , Loss: 0.0014778897725562057
[ Info: Epoch: 10 , Loss: 0.0014778897725562057
[ Info: Epoch: 5 , Loss: 0.0014736134711309853
[ Info: Epoch: 10 , Loss: 0.0014736134711309855
[ Info: Epoch: 5 , Loss: 0.0014693618454208557
[ Info: Epoch: 10 , Loss: 0.0014693618454208557
[ Info: Epoch: 5 , Loss: 0.0014651346824593456
