┌ Error: CUDA.jl could not find an appropriate CUDA runtime to use.
│ 
│ This can have several reasons:
│ * you are using an unsupported platform: this version of CUDA.jl
│   only supports Linux (x86_64, aarch64, ppc64le) and Windows (x86_64),
│   while your platform was identified as x86_64-linux-gnu-libgfortran5-cxx11-libstdcxx29-cuda+none-julia_version+1.8.1;
│ * you precompiled CUDA.jl in an environment where the CUDA driver
│   was not available (i.e., a container, or an HPC login node).
│   in that case, you need to specify which CUDA version to use
│   by calling `CUDA.set_runtime_version!`;
│ * you requested use of a local CUDA toolkit, but not all
│   required components were discovered. try running with
│   JULIA_DEBUG=all in your environment for more details.
│ 
│ For more details, refer to the CUDA.jl documentation at
│ https://cuda.juliagpu.org/stable/installation/overview/
└ @ CUDA ~/.julia/packages/CUDA/s5N6v/src/initialization.jl:82
┌ Warning: Layer with Float32 parameters got Float64 input.
│   The input will be converted, but any earlier layers may be very slow.
│   layer = Dense(5 => 2, σ)    # 12 parameters
│   summary(x) = "5×16 Matrix{Float64}"
└ @ Flux ~/.julia/packages/Flux/n3cOc/src/layers/stateless.jl:60
[ Info: Epoch: 5 , Loss: 0.28935453780883325
[ Info: Epoch: 10 , Loss: 0.28935453780883325
[ Info: Epoch: 15 , Loss: 0.28935453780883325
[ Info: Epoch: 20 , Loss: 0.28935453780883325
[ Info: Epoch: 25 , Loss: 0.28935453780883325
[ Info: Epoch: 30 , Loss: 0.28935453780883325
[ Info: Epoch: 5 , Loss: 0.6302874576826237
[ Info: Epoch: 10 , Loss: 0.6429562365270323
[ Info: Epoch: 15 , Loss: 0.620046286674921
[ Info: Epoch: 20 , Loss: 0.6230543425292443
[ Info: Epoch: 25 , Loss: 0.6280369704176176
[ Info: Epoch: 30 , Loss: 0.6170516609553075
[ Info: Epoch: 5 , Loss: 0.7123768670153515
[ Info: Epoch: 10 , Loss: 0.7140520100372467
[ Info: Epoch: 15 , Loss: 0.7161797913490757
[ Info: Epoch: 20 , Loss: 0.7165384294779228
[ Info: Epoch: 25 , Loss: 0.7167644581358174
[ Info: Epoch: 30 , Loss: 0.7103947624681949
[ Info: Epoch: 5 , Loss: 0.7565863786147317
[ Info: Epoch: 10 , Loss: 0.756000527779421
[ Info: Epoch: 15 , Loss: 0.7547291819343172
[ Info: Epoch: 20 , Loss: 0.754968450214296
[ Info: Epoch: 25 , Loss: 0.7548189609961771
[ Info: Epoch: 30 , Loss: 0.7562306867400849
[ Info: Epoch: 5 , Loss: 0.7759729560639
[ Info: Epoch: 10 , Loss: 0.7759729560638998
[ Info: Epoch: 15 , Loss: 0.7759729560638999
[ Info: Epoch: 20 , Loss: 0.7759729560638997
[ Info: Epoch: 25 , Loss: 0.7759729560638999
[ Info: Epoch: 30 , Loss: 0.7759729560638999
[ Info: Epoch: 5 , Loss: 0.7896829470946395
[ Info: Epoch: 10 , Loss: 0.7893225775321656
[ Info: Epoch: 15 , Loss: 0.7890258728610771
[ Info: Epoch: 20 , Loss: 0.790412680495275
[ Info: Epoch: 25 , Loss: 0.7879165215754365
[ Info: Epoch: 30 , Loss: 0.7865269557121697
[ Info: Epoch: 5 , Loss: 0.7973942330266753
[ Info: Epoch: 10 , Loss: 0.7945704342510495
[ Info: Epoch: 15 , Loss: 0.7946188820815518
[ Info: Epoch: 20 , Loss: 0.7959777787677309
[ Info: Epoch: 25 , Loss: 0.7978214860044294
[ Info: Epoch: 30 , Loss: 0.797755296849488
[ Info: Epoch: 5 , Loss: 0.8020549610205104
[ Info: Epoch: 10 , Loss: 0.8023237471282181
[ Info: Epoch: 15 , Loss: 0.8022250580776338
[ Info: Epoch: 20 , Loss: 0.8022519516106756
[ Info: Epoch: 25 , Loss: 0.8026311317200311
[ Info: Epoch: 30 , Loss: 0.8025267460908578
[ Info: Epoch: 5 , Loss: 0.8077454203781895
[ Info: Epoch: 10 , Loss: 0.8077454203781895
[ Info: Epoch: 15 , Loss: 0.8077454203781895
[ Info: Epoch: 20 , Loss: 0.8077454203781896
[ Info: Epoch: 25 , Loss: 0.8077454203781896
[ Info: Epoch: 30 , Loss: 0.8077454203781895
[ Info: Epoch: 5 , Loss: 0.8127304673442726
[ Info: Epoch: 10 , Loss: 0.813659685865098
[ Info: Epoch: 15 , Loss: 0.8129199528856935
[ Info: Epoch: 20 , Loss: 0.8134427327560807
[ Info: Epoch: 25 , Loss: 0.8131423380110699
[ Info: Epoch: 30 , Loss: 0.8116536771903099
[ Info: Epoch: 5 , Loss: 0.815208653001671
[ Info: Epoch: 10 , Loss: 0.8155469630552601
[ Info: Epoch: 15 , Loss: 0.8157260220428582
[ Info: Epoch: 20 , Loss: 0.8144266801208799
[ Info: Epoch: 25 , Loss: 0.8155893400162159
[ Info: Epoch: 30 , Loss: 0.8148937194011932
[ Info: Epoch: 5 , Loss: 0.8174334568113704
[ Info: Epoch: 10 , Loss: 0.8178702656712318
[ Info: Epoch: 15 , Loss: 0.8175834406887847
[ Info: Epoch: 20 , Loss: 0.8177906094384075
[ Info: Epoch: 25 , Loss: 0.8176510329487502
[ Info: Epoch: 30 , Loss: 0.8178566929947741
[ Info: Epoch: 5 , Loss: 0.8200546432032008
[ Info: Epoch: 10 , Loss: 0.8200546432032008
[ Info: Epoch: 15 , Loss: 0.8200546432032005
[ Info: Epoch: 20 , Loss: 0.8200546432032008
[ Info: Epoch: 25 , Loss: 0.8200546432032008
[ Info: Epoch: 30 , Loss: 0.8200546432032008
[ Info: Epoch: 5 , Loss: 0.8216956752029319
[ Info: Epoch: 10 , Loss: 0.8218170945209816
[ Info: Epoch: 15 , Loss: 0.8220470244459076
[ Info: Epoch: 20 , Loss: 0.8225340590016736
[ Info: Epoch: 25 , Loss: 0.821417626128952
[ Info: Epoch: 30 , Loss: 0.8221163804192049
[ Info: Epoch: 5 , Loss: 0.8228461398318025
[ Info: Epoch: 10 , Loss: 0.8227956546393618
[ Info: Epoch: 15 , Loss: 0.822658476674379
[ Info: Epoch: 20 , Loss: 0.8227344546210665
[ Info: Epoch: 25 , Loss: 0.8223153254629727
[ Info: Epoch: 30 , Loss: 0.8224243247440748
[ Info: Epoch: 5 , Loss: 0.8244676678223954
[ Info: Epoch: 10 , Loss: 0.8246746073495009
[ Info: Epoch: 15 , Loss: 0.8245124564596967
[ Info: Epoch: 20 , Loss: 0.82445593130156
[ Info: Epoch: 25 , Loss: 0.8246250685775895
[ Info: Epoch: 30 , Loss: 0.8247373293364767
[ Info: Epoch: 5 , Loss: 0.8259121885080807
[ Info: Epoch: 10 , Loss: 0.8259121885080803
[ Info: Epoch: 15 , Loss: 0.8259121885080806
[ Info: Epoch: 20 , Loss: 0.8259121885080803
[ Info: Epoch: 25 , Loss: 0.8259121885080807
[ Info: Epoch: 30 , Loss: 0.8259121885080802
[ Info: Epoch: 5 , Loss: 0.8265640270704092
[ Info: Epoch: 10 , Loss: 0.8268233489522606
[ Info: Epoch: 15 , Loss: 0.8278706306140032
[ Info: Epoch: 20 , Loss: 0.8275371431370059
[ Info: Epoch: 25 , Loss: 0.8273285826333101
[ Info: Epoch: 30 , Loss: 0.8268298090815839
[ Info: Epoch: 5 , Loss: 0.8283155115460847
[ Info: Epoch: 10 , Loss: 0.8284124495948051
[ Info: Epoch: 15 , Loss: 0.8282635445009917
[ Info: Epoch: 20 , Loss: 0.828043583320998
[ Info: Epoch: 25 , Loss: 0.8283401772800705
[ Info: Epoch: 30 , Loss: 0.8283582915718267
[ Info: Epoch: 5 , Loss: 0.8292392110804806
[ Info: Epoch: 10 , Loss: 0.8293754036705552
[ Info: Epoch: 15 , Loss: 0.829356995227397
[ Info: Epoch: 20 , Loss: 0.8292635128321797
[ Info: Epoch: 25 , Loss: 0.8293772444520487
[ Info: Epoch: 30 , Loss: 0.8293313825451812
[ Info: Epoch: 5 , Loss: 0.8301586337013697
[ Info: Epoch: 10 , Loss: 0.8301586337013697
[ Info: Epoch: 15 , Loss: 0.8301586337013698
[ Info: Epoch: 20 , Loss: 0.8301586337013698
[ Info: Epoch: 25 , Loss: 0.8301586337013698
[ Info: Epoch: 30 , Loss: 0.8301586337013698
[ Info: Epoch: 5 , Loss: 0.8308414214719906
[ Info: Epoch: 10 , Loss: 0.8310415955299891
[ Info: Epoch: 15 , Loss: 0.830233615207437
[ Info: Epoch: 20 , Loss: 0.8309690067796052
[ Info: Epoch: 25 , Loss: 0.8310412003264508
[ Info: Epoch: 30 , Loss: 0.8311120176484901
[ Info: Epoch: 5 , Loss: 0.8318930403830853
[ Info: Epoch: 10 , Loss: 0.8319771598562002
[ Info: Epoch: 15 , Loss: 0.8318617349886045
[ Info: Epoch: 20 , Loss: 0.8319092529671511
[ Info: Epoch: 25 , Loss: 0.8318596109379939
[ Info: Epoch: 30 , Loss: 0.8319630845434939
[ Info: Epoch: 5 , Loss: 0.8323875632182027
[ Info: Epoch: 10 , Loss: 0.8324891075593785
[ Info: Epoch: 15 , Loss: 0.8324562305041214
[ Info: Epoch: 20 , Loss: 0.832434762947177
[ Info: Epoch: 25 , Loss: 0.8323611192359237
[ Info: Epoch: 30 , Loss: 0.83242368761593
[ Info: Epoch: 5 , Loss: 0.8330843468158007
[ Info: Epoch: 10 , Loss: 0.8330843468158009
[ Info: Epoch: 15 , Loss: 0.8330843468158009
[ Info: Epoch: 20 , Loss: 0.8330843468158009
[ Info: Epoch: 25 , Loss: 0.8330843468158011
[ Info: Epoch: 30 , Loss: 0.8330843468158009
[ Info: Epoch: 5 , Loss: 0.833577979101347
[ Info: Epoch: 10 , Loss: 0.8336552414450366
[ Info: Epoch: 15 , Loss: 0.8337008793461937
[ Info: Epoch: 20 , Loss: 0.8335322413767073
[ Info: Epoch: 25 , Loss: 0.8335780810386242
[ Info: Epoch: 30 , Loss: 0.8334231444536362
[ Info: Epoch: 5 , Loss: 0.8339708287606288
[ Info: Epoch: 10 , Loss: 0.8337814763955688
[ Info: Epoch: 15 , Loss: 0.8338805464967197
[ Info: Epoch: 20 , Loss: 0.8339618698029903
[ Info: Epoch: 25 , Loss: 0.8338903871936839
[ Info: Epoch: 30 , Loss: 0.8336484671472745
[ Info: Epoch: 5 , Loss: 0.8342139948501767
[ Info: Epoch: 10 , Loss: 0.8341704655640747
[ Info: Epoch: 15 , Loss: 0.8341454066832217
[ Info: Epoch: 20 , Loss: 0.834212577476075
[ Info: Epoch: 25 , Loss: 0.8341424786934739
[ Info: Epoch: 30 , Loss: 0.8340458436105598
[ Info: Epoch: 5 , Loss: 0.834733235198578
[ Info: Epoch: 10 , Loss: 0.8347332351985781
[ Info: Epoch: 15 , Loss: 0.834733235198578
[ Info: Epoch: 20 , Loss: 0.834733235198578
[ Info: Epoch: 25 , Loss: 0.8347332351985781
[ Info: Epoch: 30 , Loss: 0.8347332351985781
[ Info: Epoch: 5 , Loss: 0.8352023021218099
[ Info: Epoch: 10 , Loss: 0.8351711052155596
[ Info: Epoch: 15 , Loss: 0.8341939686634543
[ Info: Epoch: 20 , Loss: 0.8351529685171125
[ Info: Epoch: 25 , Loss: 0.8345169910822205
[ Info: Epoch: 30 , Loss: 0.8353496690133183
[ Info: Epoch: 5 , Loss: 0.8351372529559511
[ Info: Epoch: 10 , Loss: 0.8353598623925309
[ Info: Epoch: 15 , Loss: 0.835104139980065
[ Info: Epoch: 20 , Loss: 0.8354222392393608
[ Info: Epoch: 25 , Loss: 0.8353864816665922
[ Info: Epoch: 30 , Loss: 0.835273281128899
[ Info: Epoch: 5 , Loss: 0.8358387160904404
[ Info: Epoch: 10 , Loss: 0.8358297038166942
[ Info: Epoch: 15 , Loss: 0.8357942774896548
[ Info: Epoch: 20 , Loss: 0.8358670366374119
[ Info: Epoch: 25 , Loss: 0.8359060656737332
[ Info: Epoch: 30 , Loss: 0.8358941989621795
[ Info: Epoch: 5 , Loss: 0.8359592631554063
[ Info: Epoch: 10 , Loss: 0.835959263155406
[ Info: Epoch: 15 , Loss: 0.8359592631554064
[ Info: Epoch: 20 , Loss: 0.8359592631554064
[ Info: Epoch: 25 , Loss: 0.8359592631554066
[ Info: Epoch: 30 , Loss: 0.835959263155406
[ Info: Epoch: 5 , Loss: 0.8364596155206256
[ Info: Epoch: 10 , Loss: 0.8364345276508756
[ Info: Epoch: 15 , Loss: 0.8356393492971352
[ Info: Epoch: 20 , Loss: 0.8364813777350426
[ Info: Epoch: 25 , Loss: 0.8359484298731393
[ Info: Epoch: 30 , Loss: 0.8357241462516117
[ Info: Epoch: 5 , Loss: 0.8360986007098646
[ Info: Epoch: 10 , Loss: 0.8361186133922238
[ Info: Epoch: 15 , Loss: 0.8361011675751633
[ Info: Epoch: 20 , Loss: 0.8359899778578729
[ Info: Epoch: 25 , Loss: 0.8360639698519132
[ Info: Epoch: 30 , Loss: 0.8361048097856286
[ Info: Epoch: 5 , Loss: 0.8359520168158208
[ Info: Epoch: 10 , Loss: 0.8359817490048663
[ Info: Epoch: 15 , Loss: 0.8358725041648701
[ Info: Epoch: 20 , Loss: 0.8359303737881704
[ Info: Epoch: 25 , Loss: 0.8359701118134525
[ Info: Epoch: 30 , Loss: 0.8359488671254459
[ Info: Epoch: 5 , Loss: 0.8355810684791469
[ Info: Epoch: 10 , Loss: 0.835581068479147
[ Info: Epoch: 15 , Loss: 0.8355810684791469
[ Info: Epoch: 20 , Loss: 0.835581068479147
[ Info: Epoch: 25 , Loss: 0.835581068479147
[ Info: Epoch: 30 , Loss: 0.835581068479147
[ Info: Epoch: 5 , Loss: 0.8354591720879927
[ Info: Epoch: 10 , Loss: 0.835429839472156
[ Info: Epoch: 15 , Loss: 0.8353900408224401
[ Info: Epoch: 20 , Loss: 0.8353804426695799
[ Info: Epoch: 25 , Loss: 0.8354332825713275
[ Info: Epoch: 30 , Loss: 0.8353514126560575
[ Info: Epoch: 5 , Loss: 0.8352616662280069
[ Info: Epoch: 10 , Loss: 0.8352697041348481
[ Info: Epoch: 15 , Loss: 0.8353000058636947
[ Info: Epoch: 20 , Loss: 0.8351842289867559
[ Info: Epoch: 25 , Loss: 0.8352765129977103
[ Info: Epoch: 30 , Loss: 0.8352415428633778
[ Info: Epoch: 5 , Loss: 0.8349816854282313
[ Info: Epoch: 10 , Loss: 0.834917597089568
[ Info: Epoch: 15 , Loss: 0.8350443493215637
[ Info: Epoch: 20 , Loss: 0.8350075294227918
[ Info: Epoch: 25 , Loss: 0.8350319256112803
[ Info: Epoch: 30 , Loss: 0.8350039251653407
[ Info: Epoch: 5 , Loss: 0.8348304762295415
[ Info: Epoch: 10 , Loss: 0.8348304762295418
[ Info: Epoch: 15 , Loss: 0.8348304762295417
[ Info: Epoch: 20 , Loss: 0.8348304762295418
[ Info: Epoch: 25 , Loss: 0.8348304762295417
[ Info: Epoch: 30 , Loss: 0.8348304762295417
[ Info: Epoch: 5 , Loss: 0.8347302735405661
[ Info: Epoch: 10 , Loss: 0.8348569591298766
[ Info: Epoch: 15 , Loss: 0.8348800857613605
[ Info: Epoch: 20 , Loss: 0.8347402173176144
[ Info: Epoch: 25 , Loss: 0.8344770716024446
[ Info: Epoch: 30 , Loss: 0.8345728695562127
[ Info: Epoch: 5 , Loss: 0.8341329624118416
[ Info: Epoch: 10 , Loss: 0.8342867987825096
[ Info: Epoch: 15 , Loss: 0.8341107366591934
[ Info: Epoch: 20 , Loss: 0.8341774736742877
[ Info: Epoch: 25 , Loss: 0.8343025018149394
[ Info: Epoch: 30 , Loss: 0.8343925393369487
[ Info: Epoch: 5 , Loss: 0.8343518081364764
[ Info: Epoch: 10 , Loss: 0.8343422285954832
[ Info: Epoch: 15 , Loss: 0.8343042565305114
[ Info: Epoch: 20 , Loss: 0.8343756428175598
[ Info: Epoch: 25 , Loss: 0.8343567943813465
[ Info: Epoch: 30 , Loss: 0.834343407539059
[ Info: Epoch: 5 , Loss: 0.8341188389438252
[ Info: Epoch: 10 , Loss: 0.8341188389438251
[ Info: Epoch: 15 , Loss: 0.8341188389438253
[ Info: Epoch: 20 , Loss: 0.8341188389438251
[ Info: Epoch: 25 , Loss: 0.834118838943825
[ Info: Epoch: 30 , Loss: 0.8341188389438251
[ Info: Epoch: 5 , Loss: 0.8341439510854569
[ Info: Epoch: 10 , Loss: 0.8341218679973129
[ Info: Epoch: 15 , Loss: 0.8341158675905413
[ Info: Epoch: 20 , Loss: 0.8340853769499479
[ Info: Epoch: 25 , Loss: 0.8338566714566702
[ Info: Epoch: 30 , Loss: 0.8340841656785911
[ Info: Epoch: 5 , Loss: 0.8341989847791351
[ Info: Epoch: 10 , Loss: 0.8342291879896792
[ Info: Epoch: 15 , Loss: 0.8342733069465508
[ Info: Epoch: 20 , Loss: 0.8342243357112434
[ Info: Epoch: 25 , Loss: 0.8341738253876108
[ Info: Epoch: 30 , Loss: 0.8341122974441884
[ Info: Epoch: 5 , Loss: 0.8338930622386486
[ Info: Epoch: 10 , Loss: 0.833879813454938
[ Info: Epoch: 15 , Loss: 0.8338908316820715
[ Info: Epoch: 20 , Loss: 0.8338083508667908
[ Info: Epoch: 25 , Loss: 0.8338883280817537
[ Info: Epoch: 30 , Loss: 0.8338920413042483
[ Info: Epoch: 5 , Loss: 0.8336035587713378
[ Info: Epoch: 10 , Loss: 0.8336035587713382
[ Info: Epoch: 15 , Loss: 0.8336035587713382
[ Info: Epoch: 20 , Loss: 0.8336035587713382
[ Info: Epoch: 25 , Loss: 0.8336035587713381
[ Info: Epoch: 30 , Loss: 0.8336035587713381
[ Info: Epoch: 5 , Loss: 0.833541505318904
[ Info: Epoch: 10 , Loss: 0.8334569709715713
[ Info: Epoch: 15 , Loss: 0.8335275884571968
[ Info: Epoch: 20 , Loss: 0.8335467702673665
[ Info: Epoch: 25 , Loss: 0.8335419160028212
[ Info: Epoch: 30 , Loss: 0.8335027928659345
[ Info: Epoch: 5 , Loss: 0.8335612362240596
[ Info: Epoch: 10 , Loss: 0.833643609166687
[ Info: Epoch: 15 , Loss: 0.8336307474068445
[ Info: Epoch: 20 , Loss: 0.8336006154544323
[ Info: Epoch: 25 , Loss: 0.8334988709196517
[ Info: Epoch: 30 , Loss: 0.8334575511493065
[ Info: Epoch: 5 , Loss: 0.8333052446332704
[ Info: Epoch: 10 , Loss: 0.8332978305765975
[ Info: Epoch: 15 , Loss: 0.8333150626892504
[ Info: Epoch: 20 , Loss: 0.8332925770249513
[ Info: Epoch: 25 , Loss: 0.8333011073434268
[ Info: Epoch: 30 , Loss: 0.8332998470612555
[ Info: Epoch: 5 , Loss: 0.833114081529839
[ Info: Epoch: 10 , Loss: 0.8331140815298389
[ Info: Epoch: 15 , Loss: 0.8331140815298392
[ Info: Epoch: 20 , Loss: 0.833114081529839
[ Info: Epoch: 25 , Loss: 0.8331140815298392
[ Info: Epoch: 30 , Loss: 0.833114081529839
[ Info: Epoch: 5 , Loss: 0.8330439144059408
[ Info: Epoch: 10 , Loss: 0.8330322142734089
[ Info: Epoch: 15 , Loss: 0.8329985891844772
[ Info: Epoch: 20 , Loss: 0.8329266801619103
[ Info: Epoch: 25 , Loss: 0.832994302911965
[ Info: Epoch: 30 , Loss: 0.8329516520419877
[ Info: Epoch: 5 , Loss: 0.8329863393541069
[ Info: Epoch: 10 , Loss: 0.8328402257640002
[ Info: Epoch: 15 , Loss: 0.8329503041493815
[ Info: Epoch: 20 , Loss: 0.8329345666904895
[ Info: Epoch: 25 , Loss: 0.8328559726615686
[ Info: Epoch: 30 , Loss: 0.8329437762403441
[ Info: Epoch: 5 , Loss: 0.8327534254021354
[ Info: Epoch: 10 , Loss: 0.8327763973214815
[ Info: Epoch: 15 , Loss: 0.8327574101650289
[ Info: Epoch: 20 , Loss: 0.832779171969419
[ Info: Epoch: 25 , Loss: 0.8327620382584161
[ Info: Epoch: 30 , Loss: 0.8327681433018219
[ Info: Epoch: 5 , Loss: 0.8325549965636648
[ Info: Epoch: 10 , Loss: 0.832554996563665
[ Info: Epoch: 15 , Loss: 0.832554996563665
[ Info: Epoch: 20 , Loss: 0.8325549965636648
[ Info: Epoch: 25 , Loss: 0.832554996563665
[ Info: Epoch: 30 , Loss: 0.832554996563665
[ Info: Epoch: 5 , Loss: 0.83257658367941
[ Info: Epoch: 10 , Loss: 0.8325961958177633
[ Info: Epoch: 15 , Loss: 0.8322067128636687
[ Info: Epoch: 20 , Loss: 0.8325840339729188
[ Info: Epoch: 25 , Loss: 0.832540485362603
[ Info: Epoch: 30 , Loss: 0.8326011748605012
[ Info: Epoch: 5 , Loss: 0.8325116925581761
[ Info: Epoch: 10 , Loss: 0.8324576885115365
[ Info: Epoch: 15 , Loss: 0.8324679047094021
[ Info: Epoch: 20 , Loss: 0.8324840070443067
[ Info: Epoch: 25 , Loss: 0.8324926077847702
[ Info: Epoch: 30 , Loss: 0.8325287702052976
[ Info: Epoch: 5 , Loss: 0.8324003940302019
[ Info: Epoch: 10 , Loss: 0.8324252567994875
[ Info: Epoch: 15 , Loss: 0.8324252035274085
[ Info: Epoch: 20 , Loss: 0.8324436484008014
[ Info: Epoch: 25 , Loss: 0.8324536539767888
[ Info: Epoch: 30 , Loss: 0.8324344156502879
[ Info: Epoch: 5 , Loss: 0.8323801559702214
[ Info: Epoch: 10 , Loss: 0.8323801559702216
[ Info: Epoch: 15 , Loss: 0.8323801559702215
[ Info: Epoch: 20 , Loss: 0.8323801559702215
[ Info: Epoch: 25 , Loss: 0.8323801559702214
[ Info: Epoch: 30 , Loss: 0.8323801559702214
[ Info: Epoch: 5 , Loss: 0.8320579288094537
[ Info: Epoch: 10 , Loss: 0.8323680085796277
[ Info: Epoch: 15 , Loss: 0.8320999981876317
[ Info: Epoch: 20 , Loss: 0.8323004849334833
[ Info: Epoch: 25 , Loss: 0.832371590517682
[ Info: Epoch: 30 , Loss: 0.8322775593078512
[ Info: Epoch: 5 , Loss: 0.8322034064101679
[ Info: Epoch: 10 , Loss: 0.8322978697697474
[ Info: Epoch: 15 , Loss: 0.8322469736522154
[ Info: Epoch: 20 , Loss: 0.8322753065989259
[ Info: Epoch: 25 , Loss: 0.83227340025094
[ Info: Epoch: 30 , Loss: 0.8322766946888879
[ Info: Epoch: 5 , Loss: 0.8323024328999795
[ Info: Epoch: 10 , Loss: 0.8322464932086063
[ Info: Epoch: 15 , Loss: 0.832299687773688
[ Info: Epoch: 20 , Loss: 0.8322899230654375
[ Info: Epoch: 25 , Loss: 0.832296038789
[ Info: Epoch: 30 , Loss: 0.8322935102572664
[ Info: Epoch: 5 , Loss: 0.8323180115089073
[ Info: Epoch: 10 , Loss: 0.8323180115089073
[ Info: Epoch: 15 , Loss: 0.8323180115089073
[ Info: Epoch: 20 , Loss: 0.8323180115089072
[ Info: Epoch: 25 , Loss: 0.8323180115089073
[ Info: Epoch: 30 , Loss: 0.8323180115089073
[ Info: Epoch: 5 , Loss: 0.8319932389474273
[ Info: Epoch: 10 , Loss: 0.8321712884424441
[ Info: Epoch: 15 , Loss: 0.8322314561648868
[ Info: Epoch: 20 , Loss: 0.8322449491460189
[ Info: Epoch: 25 , Loss: 0.8321900296725464
[ Info: Epoch: 30 , Loss: 0.8322270155887928
[ Info: Epoch: 5 , Loss: 0.8321813195867325
[ Info: Epoch: 10 , Loss: 0.8321746653809531
[ Info: Epoch: 15 , Loss: 0.8321900471738979
[ Info: Epoch: 20 , Loss: 0.8320887429213448
[ Info: Epoch: 25 , Loss: 0.8321748495096302
[ Info: Epoch: 30 , Loss: 0.8320483321908343
[ Info: Epoch: 5 , Loss: 0.8319971318664767
[ Info: Epoch: 10 , Loss: 0.8320055311853897
[ Info: Epoch: 15 , Loss: 0.83202613754493
[ Info: Epoch: 20 , Loss: 0.8320154849279728
[ Info: Epoch: 25 , Loss: 0.8319935266489
[ Info: Epoch: 30 , Loss: 0.8320063580804007
[ Info: Epoch: 5 , Loss: 0.8319530070127018
[ Info: Epoch: 10 , Loss: 0.8319530070127016
[ Info: Epoch: 15 , Loss: 0.8319530070127013
[ Info: Epoch: 20 , Loss: 0.8319530070127013
[ Info: Epoch: 25 , Loss: 0.8319530070127017
[ Info: Epoch: 30 , Loss: 0.8319530070127016
[ Info: Epoch: 5 , Loss: 0.8317158408717549
[ Info: Epoch: 10 , Loss: 0.8317562836946074
[ Info: Epoch: 15 , Loss: 0.8317739117732046
[ Info: Epoch: 20 , Loss: 0.8317164161296441
[ Info: Epoch: 25 , Loss: 0.8317572010009492
[ Info: Epoch: 30 , Loss: 0.8316736066435295
[ Info: Epoch: 5 , Loss: 0.8315831604653955
[ Info: Epoch: 10 , Loss: 0.8316826786429924
[ Info: Epoch: 15 , Loss: 0.8316521439073247
[ Info: Epoch: 20 , Loss: 0.8317080104432233
[ Info: Epoch: 25 , Loss: 0.8316984932360085
[ Info: Epoch: 30 , Loss: 0.8316251329398385
[ Info: Epoch: 5 , Loss: 0.8316373974521057
[ Info: Epoch: 10 , Loss: 0.8316289576437618
[ Info: Epoch: 15 , Loss: 0.8316158707514433
[ Info: Epoch: 20 , Loss: 0.831621028823554
[ Info: Epoch: 25 , Loss: 0.8316165528040744
[ Info: Epoch: 30 , Loss: 0.8316049232643599
[ Info: Epoch: 5 , Loss: 0.8314737742256024
[ Info: Epoch: 10 , Loss: 0.8314737742256022
[ Info: Epoch: 15 , Loss: 0.8314737742256023
[ Info: Epoch: 20 , Loss: 0.8314737742256023
[ Info: Epoch: 25 , Loss: 0.8314737742256024
[ Info: Epoch: 30 , Loss: 0.8314737742256023
[ Info: Epoch: 5 , Loss: 0.831406409510531
[ Info: Epoch: 10 , Loss: 0.8312683859807335
[ Info: Epoch: 15 , Loss: 0.8313156078912611
[ Info: Epoch: 20 , Loss: 0.8313323267270321
[ Info: Epoch: 25 , Loss: 0.8311353241528648
[ Info: Epoch: 30 , Loss: 0.8313800035181368
[ Info: Epoch: 5 , Loss: 0.8311700901380904
[ Info: Epoch: 10 , Loss: 0.8312560547875565
[ Info: Epoch: 15 , Loss: 0.8311308912810351
[ Info: Epoch: 20 , Loss: 0.8312276445646688
[ Info: Epoch: 25 , Loss: 0.8312495105869268
[ Info: Epoch: 30 , Loss: 0.8312400743954599
[ Info: Epoch: 5 , Loss: 0.8311882592498931
[ Info: Epoch: 10 , Loss: 0.8311778998629475
[ Info: Epoch: 15 , Loss: 0.831169255942432
[ Info: Epoch: 20 , Loss: 0.8311786635491919
[ Info: Epoch: 25 , Loss: 0.8311954653120945
[ Info: Epoch: 30 , Loss: 0.8311765057741737
[ Info: Epoch: 5 , Loss: 0.8312454462423807
[ Info: Epoch: 10 , Loss: 0.831245446242381
[ Info: Epoch: 15 , Loss: 0.8312454462423807
[ Info: Epoch: 20 , Loss: 0.8312454462423807
[ Info: Epoch: 25 , Loss: 0.8312454462423807
[ Info: Epoch: 30 , Loss: 0.831245446242381
[ Info: Epoch: 5 , Loss: 0.8309632604467398
[ Info: Epoch: 10 , Loss: 0.8312061744693675
[ Info: Epoch: 15 , Loss: 0.8313056055164352
[ Info: Epoch: 20 , Loss: 0.8312923196495814
[ Info: Epoch: 25 , Loss: 0.8312322429012778
[ Info: Epoch: 30 , Loss: 0.8312644621509231
[ Info: Epoch: 5 , Loss: 0.8311975738296227
[ Info: Epoch: 10 , Loss: 0.8312369087966781
[ Info: Epoch: 15 , Loss: 0.8311787422499677
[ Info: Epoch: 20 , Loss: 0.8312044420980268
[ Info: Epoch: 25 , Loss: 0.8311725672956407
[ Info: Epoch: 30 , Loss: 0.831187034775868
[ Info: Epoch: 5 , Loss: 0.8311518757841748
[ Info: Epoch: 10 , Loss: 0.8311746914869227
[ Info: Epoch: 15 , Loss: 0.8311459534038376
[ Info: Epoch: 20 , Loss: 0.8311765962848812
[ Info: Epoch: 25 , Loss: 0.8311694948645584
[ Info: Epoch: 30 , Loss: 0.8311781586341609
[ Info: Epoch: 5 , Loss: 0.8311189961843217
[ Info: Epoch: 10 , Loss: 0.8311189961843217
[ Info: Epoch: 15 , Loss: 0.8311189961843222
[ Info: Epoch: 20 , Loss: 0.831118996184322
[ Info: Epoch: 25 , Loss: 0.8311189961843218
[ Info: Epoch: 30 , Loss: 0.831118996184322
[ Info: Epoch: 5 , Loss: 0.8311058732093825
[ Info: Epoch: 10 , Loss: 0.8311262733105984
[ Info: Epoch: 15 , Loss: 0.8310954101329824
[ Info: Epoch: 20 , Loss: 0.831115325552461
[ Info: Epoch: 25 , Loss: 0.8310587776569128
[ Info: Epoch: 30 , Loss: 0.8311375205848928
[ Info: Epoch: 5 , Loss: 0.831035922842944
[ Info: Epoch: 10 , Loss: 0.8310462083433663
[ Info: Epoch: 15 , Loss: 0.8310163064432116
[ Info: Epoch: 20 , Loss: 0.8310486044329263
[ Info: Epoch: 25 , Loss: 0.8310119148597721
[ Info: Epoch: 30 , Loss: 0.8310405356460732
[ Info: Epoch: 5 , Loss: 0.8309287971821254
[ Info: Epoch: 10 , Loss: 0.8309194810552313
[ Info: Epoch: 15 , Loss: 0.8309225043972046
[ Info: Epoch: 20 , Loss: 0.8309221933489837
[ Info: Epoch: 25 , Loss: 0.8309279888382745
[ Info: Epoch: 30 , Loss: 0.8309244720202686
[ Info: Epoch: 5 , Loss: 0.8308781122552945
[ Info: Epoch: 10 , Loss: 0.8308781122552946
[ Info: Epoch: 15 , Loss: 0.8308781122552945
[ Info: Epoch: 20 , Loss: 0.8308781122552945
[ Info: Epoch: 25 , Loss: 0.8308781122552945
[ Info: Epoch: 30 , Loss: 0.8308781122552945
[ Info: Epoch: 5 , Loss: 0.8308784179165372
[ Info: Epoch: 10 , Loss: 0.8308354379282124
[ Info: Epoch: 15 , Loss: 0.8308946380397738
[ Info: Epoch: 20 , Loss: 0.8308588994063024
[ Info: Epoch: 25 , Loss: 0.8308697298573268
[ Info: Epoch: 30 , Loss: 0.8308587317481152
[ Info: Epoch: 5 , Loss: 0.8308455900003724
[ Info: Epoch: 10 , Loss: 0.8308928489194686
[ Info: Epoch: 15 , Loss: 0.8308730218185267
[ Info: Epoch: 20 , Loss: 0.8308678492401412
[ Info: Epoch: 25 , Loss: 0.8308641052107457
[ Info: Epoch: 30 , Loss: 0.83084469594997
[ Info: Epoch: 5 , Loss: 0.8307065294115418
[ Info: Epoch: 10 , Loss: 0.830733049873471
[ Info: Epoch: 15 , Loss: 0.8307322537244992
[ Info: Epoch: 20 , Loss: 0.8307260431669308
[ Info: Epoch: 25 , Loss: 0.8307318514005674
[ Info: Epoch: 30 , Loss: 0.8307232663418204
[ Info: Epoch: 5 , Loss: 0.8306199683858255
[ Info: Epoch: 10 , Loss: 0.8306199683858257
[ Info: Epoch: 15 , Loss: 0.8306199683858256
[ Info: Epoch: 20 , Loss: 0.8306199683858255
[ Info: Epoch: 25 , Loss: 0.8306199683858253
[ Info: Epoch: 30 , Loss: 0.8306199683858256
[ Info: Epoch: 5 , Loss: 0.8304856321295325
[ Info: Epoch: 10 , Loss: 0.8305876412105324
[ Info: Epoch: 15 , Loss: 0.8305805310004309
[ Info: Epoch: 20 , Loss: 0.8305572171161699
[ Info: Epoch: 25 , Loss: 0.8305340524284681
[ Info: Epoch: 30 , Loss: 0.8305310145684797
[ Info: Epoch: 5 , Loss: 0.830449135256652
[ Info: Epoch: 10 , Loss: 0.830386186723927
[ Info: Epoch: 15 , Loss: 0.8303303753686835
[ Info: Epoch: 20 , Loss: 0.8304035499335491
[ Info: Epoch: 25 , Loss: 0.8303957668988755
[ Info: Epoch: 30 , Loss: 0.8304107582694366
[ Info: Epoch: 5 , Loss: 0.8304003044303437
[ Info: Epoch: 10 , Loss: 0.830369582901152
[ Info: Epoch: 15 , Loss: 0.8304000217257292
[ Info: Epoch: 20 , Loss: 0.8303847193627153
[ Info: Epoch: 25 , Loss: 0.8304049031437166
[ Info: Epoch: 30 , Loss: 0.8303985107912899
[ Info: Epoch: 5 , Loss: 0.8303172769058849
[ Info: Epoch: 10 , Loss: 0.8303172769058847
[ Info: Epoch: 15 , Loss: 0.8303172769058849
[ Info: Epoch: 20 , Loss: 0.8303172769058849
[ Info: Epoch: 25 , Loss: 0.8303172769058849
[ Info: Epoch: 30 , Loss: 0.8303172769058849
[ Info: Epoch: 5 , Loss: 0.8302881959952493
[ Info: Epoch: 10 , Loss: 0.8302463837018312
[ Info: Epoch: 15 , Loss: 0.8302757977733137
[ Info: Epoch: 20 , Loss: 0.8302614528523762
[ Info: Epoch: 25 , Loss: 0.8302567084977889
[ Info: Epoch: 30 , Loss: 0.8302306945412246
[ Info: Epoch: 5 , Loss: 0.8303343074864836
[ Info: Epoch: 10 , Loss: 0.8303145774092561
[ Info: Epoch: 15 , Loss: 0.830343279525879
[ Info: Epoch: 20 , Loss: 0.8303052062774806
[ Info: Epoch: 25 , Loss: 0.8303397759048259
[ Info: Epoch: 30 , Loss: 0.8303101178420598
[ Info: Epoch: 5 , Loss: 0.8302337041588717
[ Info: Epoch: 10 , Loss: 0.83024243793558
[ Info: Epoch: 15 , Loss: 0.8302384741059773
[ Info: Epoch: 20 , Loss: 0.8302344452431346
[ Info: Epoch: 25 , Loss: 0.830234614392042
[ Info: Epoch: 30 , Loss: 0.8302457580744933
[ Info: Epoch: 5 , Loss: 0.8301094140459402
[ Info: Epoch: 10 , Loss: 0.8301094140459403
[ Info: Epoch: 15 , Loss: 0.8301094140459401
[ Info: Epoch: 20 , Loss: 0.8301094140459402
[ Info: Epoch: 25 , Loss: 0.8301094140459404
[ Info: Epoch: 30 , Loss: 0.8301094140459402
[ Info: Epoch: 5 , Loss: 0.8300830159730337
[ Info: Epoch: 10 , Loss: 0.8301406922587996
[ Info: Epoch: 15 , Loss: 0.8301700608493857
[ Info: Epoch: 20 , Loss: 0.8301331285923713
[ Info: Epoch: 25 , Loss: 0.830095105200622
[ Info: Epoch: 30 , Loss: 0.8301088692354068
[ Info: Epoch: 5 , Loss: 0.829971648215131
[ Info: Epoch: 10 , Loss: 0.8299744132887726
[ Info: Epoch: 15 , Loss: 0.8299951033110327
[ Info: Epoch: 20 , Loss: 0.8299668832910241
[ Info: Epoch: 25 , Loss: 0.8299926366058219
[ Info: Epoch: 30 , Loss: 0.8299723146384156
[ Info: Epoch: 5 , Loss: 0.8299582285325747
[ Info: Epoch: 10 , Loss: 0.8299606684475128
[ Info: Epoch: 15 , Loss: 0.8299639369941401
[ Info: Epoch: 20 , Loss: 0.8299508111340685
[ Info: Epoch: 25 , Loss: 0.829957009063771
[ Info: Epoch: 30 , Loss: 0.8299347756390315
[ Info: Epoch: 5 , Loss: 0.829933671291309
[ Info: Epoch: 10 , Loss: 0.829933671291309
[ Info: Epoch: 15 , Loss: 0.8299336712913088
[ Info: Epoch: 20 , Loss: 0.8299336712913091
[ Info: Epoch: 25 , Loss: 0.8299336712913088
[ Info: Epoch: 30 , Loss: 0.829933671291309
[ Info: Epoch: 5 , Loss: 0.8298054842547
[ Info: Epoch: 10 , Loss: 0.8298396488534524
[ Info: Epoch: 15 , Loss: 0.8298158455484325
[ Info: Epoch: 20 , Loss: 0.8298650471415455
[ Info: Epoch: 25 , Loss: 0.8298790214164828
[ Info: Epoch: 30 , Loss: 0.8298456276296193
[ Info: Epoch: 5 , Loss: 0.8298995080822796
[ Info: Epoch: 10 , Loss: 0.8299031400517941
[ Info: Epoch: 15 , Loss: 0.8298843114479827
[ Info: Epoch: 20 , Loss: 0.8299013144323532
[ Info: Epoch: 25 , Loss: 0.8298934535605095
[ Info: Epoch: 30 , Loss: 0.8299252421136304
[ Info: Epoch: 5 , Loss: 0.8297331345994734
[ Info: Epoch: 10 , Loss: 0.8297395296539619
[ Info: Epoch: 15 , Loss: 0.8297158442554184
[ Info: Epoch: 20 , Loss: 0.82972874854422
[ Info: Epoch: 25 , Loss: 0.8297397843779599
[ Info: Epoch: 30 , Loss: 0.8297266857250706
[ Info: Epoch: 5 , Loss: 0.8296912746207542
[ Info: Epoch: 10 , Loss: 0.8296912746207542
[ Info: Epoch: 15 , Loss: 0.8296912746207544
[ Info: Epoch: 20 , Loss: 0.8296912746207542
[ Info: Epoch: 25 , Loss: 0.8296912746207542
[ Info: Epoch: 30 , Loss: 0.8296912746207544
[ Info: Epoch: 5 , Loss: 0.8296683945299391
[ Info: Epoch: 10 , Loss: 0.8296220463446129
[ Info: Epoch: 15 , Loss: 0.8296375740485396
[ Info: Epoch: 20 , Loss: 0.8297126152376442
[ Info: Epoch: 25 , Loss: 0.8296583708628508
[ Info: Epoch: 30 , Loss: 0.8296296280083082
[ Info: Epoch: 5 , Loss: 0.8296334966175587
[ Info: Epoch: 10 , Loss: 0.8296510780888897
[ Info: Epoch: 15 , Loss: 0.8296222374744642
[ Info: Epoch: 20 , Loss: 0.8296600651690036
[ Info: Epoch: 25 , Loss: 0.8296563684322518
[ Info: Epoch: 30 , Loss: 0.829641698255628
[ Info: Epoch: 5 , Loss: 0.8295206596678664
[ Info: Epoch: 10 , Loss: 0.8295209631912962
[ Info: Epoch: 15 , Loss: 0.8295130909760285
[ Info: Epoch: 20 , Loss: 0.8295173377592482
[ Info: Epoch: 25 , Loss: 0.8295136199652132
[ Info: Epoch: 30 , Loss: 0.8295151773881554
[ Info: Epoch: 5 , Loss: 0.8294923398049546
[ Info: Epoch: 10 , Loss: 0.8294923398049546
[ Info: Epoch: 15 , Loss: 0.8294923398049546
[ Info: Epoch: 20 , Loss: 0.8294923398049544
[ Info: Epoch: 25 , Loss: 0.8294923398049547
[ Info: Epoch: 30 , Loss: 0.8294923398049546
[ Info: Epoch: 5 , Loss: 0.8294487971832817
[ Info: Epoch: 10 , Loss: 0.8294889105261413
[ Info: Epoch: 15 , Loss: 0.8294802260667967
[ Info: Epoch: 20 , Loss: 0.8294684542417147
[ Info: Epoch: 25 , Loss: 0.8294673983553462
[ Info: Epoch: 30 , Loss: 0.8294495709412543
[ Info: Epoch: 5 , Loss: 0.8295360806946381
[ Info: Epoch: 10 , Loss: 0.8295105662691946
[ Info: Epoch: 15 , Loss: 0.8295336330392736
[ Info: Epoch: 20 , Loss: 0.8295128709017316
[ Info: Epoch: 25 , Loss: 0.8295379841123903
[ Info: Epoch: 30 , Loss: 0.8295275791744839
[ Info: Epoch: 5 , Loss: 0.8295089679135355
[ Info: Epoch: 10 , Loss: 0.8295130735035484
[ Info: Epoch: 15 , Loss: 0.82951392115139
[ Info: Epoch: 20 , Loss: 0.8295087604480517
[ Info: Epoch: 25 , Loss: 0.829507525598186
[ Info: Epoch: 30 , Loss: 0.8295149727694419
[ Info: Epoch: 5 , Loss: 0.829441062181982
[ Info: Epoch: 10 , Loss: 0.829441062181982
[ Info: Epoch: 15 , Loss: 0.8294410621819813
[ Info: Epoch: 20 , Loss: 0.8294410621819821
[ Info: Epoch: 25 , Loss: 0.8294410621819818
[ Info: Epoch: 30 , Loss: 0.8294410621819817
[ Info: Epoch: 5 , Loss: 0.8294247217295011
[ Info: Epoch: 10 , Loss: 0.8293058924080562
[ Info: Epoch: 15 , Loss: 0.829419450156465
[ Info: Epoch: 20 , Loss: 0.8293498533623718
[ Info: Epoch: 25 , Loss: 0.8294600550438878
[ Info: Epoch: 30 , Loss: 0.8294164851494575
[ Info: Epoch: 5 , Loss: 0.8293335677090414
[ Info: Epoch: 10 , Loss: 0.8293403787219503
[ Info: Epoch: 15 , Loss: 0.8293254063649019
[ Info: Epoch: 20 , Loss: 0.8293420513196518
[ Info: Epoch: 25 , Loss: 0.8292876401881284
[ Info: Epoch: 30 , Loss: 0.8293330148944972
[ Info: Epoch: 5 , Loss: 0.8292911602328458
[ Info: Epoch: 10 , Loss: 0.8292993837005701
[ Info: Epoch: 15 , Loss: 0.8292957071398946
[ Info: Epoch: 20 , Loss: 0.8292988277956852
[ Info: Epoch: 25 , Loss: 0.8293019790199598
[ Info: Epoch: 30 , Loss: 0.8292995098078491
[ Info: Epoch: 5 , Loss: 0.8292549213412518
[ Info: Epoch: 10 , Loss: 0.8292549213412517
[ Info: Epoch: 15 , Loss: 0.8292549213412519
[ Info: Epoch: 20 , Loss: 0.8292549213412518
[ Info: Epoch: 25 , Loss: 0.8292549213412517
[ Info: Epoch: 30 , Loss: 0.8292549213412514
[ Info: Epoch: 5 , Loss: 0.829281565942418
[ Info: Epoch: 10 , Loss: 0.829301414203556
[ Info: Epoch: 15 , Loss: 0.829264885116266
[ Info: Epoch: 20 , Loss: 0.8293316632777435
[ Info: Epoch: 25 , Loss: 0.8292930050517486
[ Info: Epoch: 30 , Loss: 0.8292681141696814
[ Info: Epoch: 5 , Loss: 0.8292340896770601
[ Info: Epoch: 10 , Loss: 0.8292364090336218
[ Info: Epoch: 15 , Loss: 0.8292291652022553
[ Info: Epoch: 20 , Loss: 0.8292115412208113
[ Info: Epoch: 25 , Loss: 0.8292169185431334
[ Info: Epoch: 30 , Loss: 0.8292355581607195
[ Info: Epoch: 5 , Loss: 0.8291646852353711
[ Info: Epoch: 10 , Loss: 0.8291644822212455
[ Info: Epoch: 15 , Loss: 0.8291679340546142
[ Info: Epoch: 20 , Loss: 0.8291625875414994
[ Info: Epoch: 25 , Loss: 0.8291539270817639
[ Info: Epoch: 30 , Loss: 0.8291570923571032
[ Info: Epoch: 5 , Loss: 0.8291064696171504
[ Info: Epoch: 10 , Loss: 0.8291064696171504
[ Info: Epoch: 15 , Loss: 0.8291064696171503
[ Info: Epoch: 20 , Loss: 0.8291064696171505
[ Info: Epoch: 25 , Loss: 0.8291064696171504
[ Info: Epoch: 30 , Loss: 0.8291064696171503
[ Info: Epoch: 5 , Loss: 0.8291225348045738
[ Info: Epoch: 10 , Loss: 0.8291289448012202
[ Info: Epoch: 15 , Loss: 0.8291058846968621
[ Info: Epoch: 20 , Loss: 0.8291263803162258
[ Info: Epoch: 25 , Loss: 0.8291435889230352
[ Info: Epoch: 30 , Loss: 0.8291080246261273
[ Info: Epoch: 5 , Loss: 0.8290446615757414
[ Info: Epoch: 10 , Loss: 0.8290674348809041
[ Info: Epoch: 15 , Loss: 0.8290921439164731
[ Info: Epoch: 20 , Loss: 0.8290954339422846
[ Info: Epoch: 25 , Loss: 0.829075529377509
[ Info: Epoch: 30 , Loss: 0.8290897741971882
[ Info: Epoch: 5 , Loss: 0.8290891556057218
[ Info: Epoch: 10 , Loss: 0.8290939031926388
[ Info: Epoch: 15 , Loss: 0.8290810858987451
[ Info: Epoch: 20 , Loss: 0.8290838274888974
[ Info: Epoch: 25 , Loss: 0.829088820419204
[ Info: Epoch: 30 , Loss: 0.8290825428466343
[ Info: Epoch: 5 , Loss: 0.829057076223464
[ Info: Epoch: 10 , Loss: 0.829057076223464
[ Info: Epoch: 15 , Loss: 0.8290570762234644
[ Info: Epoch: 20 , Loss: 0.8290570762234639
[ Info: Epoch: 25 , Loss: 0.8290570762234643
[ Info: Epoch: 30 , Loss: 0.829057076223464
[ Info: Epoch: 5 , Loss: 0.8290824082528306
[ Info: Epoch: 10 , Loss: 0.8290011975223641
[ Info: Epoch: 15 , Loss: 0.8290174700625398
[ Info: Epoch: 20 , Loss: 0.829015921690423
[ Info: Epoch: 25 , Loss: 0.8290208598653928
[ Info: Epoch: 30 , Loss: 0.829030869886875
[ Info: Epoch: 5 , Loss: 0.8290210150544292
[ Info: Epoch: 10 , Loss: 0.8290311449326276
[ Info: Epoch: 15 , Loss: 0.8290403826466717
[ Info: Epoch: 20 , Loss: 0.8290179876233384
[ Info: Epoch: 25 , Loss: 0.8290177286629004
[ Info: Epoch: 30 , Loss: 0.8290243726337079
[ Info: Epoch: 5 , Loss: 0.8289211219693067
[ Info: Epoch: 10 , Loss: 0.8289111131826971
[ Info: Epoch: 15 , Loss: 0.8289165337095982
[ Info: Epoch: 20 , Loss: 0.8289128491586288
[ Info: Epoch: 25 , Loss: 0.8289153311849659
[ Info: Epoch: 30 , Loss: 0.8289185752292425
[ Info: Epoch: 5 , Loss: 0.8288740663749826
[ Info: Epoch: 10 , Loss: 0.8288740663749826
[ Info: Epoch: 15 , Loss: 0.8288740663749827
[ Info: Epoch: 20 , Loss: 0.8288740663749825
[ Info: Epoch: 25 , Loss: 0.8288740663749823
[ Info: Epoch: 30 , Loss: 0.8288740663749825
[ Info: Epoch: 5 , Loss: 0.8288745004915075
[ Info: Epoch: 10 , Loss: 0.828900663749124
[ Info: Epoch: 15 , Loss: 0.8288760122172747
[ Info: Epoch: 20 , Loss: 0.8288900198439962
[ Info: Epoch: 25 , Loss: 0.8288618072930611
[ Info: Epoch: 30 , Loss: 0.828852651992862
[ Info: Epoch: 5 , Loss: 0.8288560177524308
[ Info: Epoch: 10 , Loss: 0.828821794152201
[ Info: Epoch: 15 , Loss: 0.828841665511061
[ Info: Epoch: 20 , Loss: 0.8288414562190626
[ Info: Epoch: 25 , Loss: 0.8288351896293165
[ Info: Epoch: 30 , Loss: 0.828824576929692
[ Info: Epoch: 5 , Loss: 0.8288222298556552
[ Info: Epoch: 10 , Loss: 0.8288145495486486
[ Info: Epoch: 15 , Loss: 0.828820684129918
[ Info: Epoch: 20 , Loss: 0.8288251820403786
[ Info: Epoch: 25 , Loss: 0.8288255484010965
[ Info: Epoch: 30 , Loss: 0.8288130693879255
[ Info: Epoch: 5 , Loss: 0.8287910893714133
[ Info: Epoch: 10 , Loss: 0.8287910893714137
[ Info: Epoch: 15 , Loss: 0.8287910893714134
[ Info: Epoch: 20 , Loss: 0.8287910893714134
[ Info: Epoch: 25 , Loss: 0.8287910893714135
[ Info: Epoch: 30 , Loss: 0.8287910893714137
[ Info: Epoch: 5 , Loss: 0.8287604604325343
[ Info: Epoch: 10 , Loss: 0.8288090687916797
[ Info: Epoch: 15 , Loss: 0.8287880801925642
[ Info: Epoch: 20 , Loss: 0.8288257206635625
[ Info: Epoch: 25 , Loss: 0.8287875549250714
[ Info: Epoch: 30 , Loss: 0.828765589295444
[ Info: Epoch: 5 , Loss: 0.8288258484865556
[ Info: Epoch: 10 , Loss: 0.8287790424536885
[ Info: Epoch: 15 , Loss: 0.8288349472723433
[ Info: Epoch: 20 , Loss: 0.8288490042068574
[ Info: Epoch: 25 , Loss: 0.8288411085471855
[ Info: Epoch: 30 , Loss: 0.8288446141640917
[ Info: Epoch: 5 , Loss: 0.8288274805756906
[ Info: Epoch: 10 , Loss: 0.8288222830915805
[ Info: Epoch: 15 , Loss: 0.8288239081914579
[ Info: Epoch: 20 , Loss: 0.828823608912282
[ Info: Epoch: 25 , Loss: 0.8288242285352374
[ Info: Epoch: 30 , Loss: 0.8288256129919014
[ Info: Epoch: 5 , Loss: 0.8288288417749734
[ Info: Epoch: 10 , Loss: 0.8288288417749736
[ Info: Epoch: 15 , Loss: 0.8288288417749736
[ Info: Epoch: 20 , Loss: 0.8288288417749736
[ Info: Epoch: 25 , Loss: 0.8288288417749736
[ Info: Epoch: 30 , Loss: 0.8288288417749737
[ Info: Epoch: 5 , Loss: 0.8288132728313193
[ Info: Epoch: 10 , Loss: 0.8287752001372133
[ Info: Epoch: 15 , Loss: 0.8287916049945661
[ Info: Epoch: 20 , Loss: 0.8288166859289341
[ Info: Epoch: 25 , Loss: 0.8288216747612211
[ Info: Epoch: 30 , Loss: 0.828814520855575
[ Info: Epoch: 5 , Loss: 0.8287861323121911
[ Info: Epoch: 10 , Loss: 0.8287343322229775
[ Info: Epoch: 15 , Loss: 0.8287949853860576
[ Info: Epoch: 20 , Loss: 0.8287929460548837
[ Info: Epoch: 25 , Loss: 0.8287971393944011
[ Info: Epoch: 30 , Loss: 0.8288206788998379
[ Info: Epoch: 5 , Loss: 0.8287653162972849
[ Info: Epoch: 10 , Loss: 0.8287577335844784
[ Info: Epoch: 15 , Loss: 0.8287609833635508
[ Info: Epoch: 20 , Loss: 0.8287606314904015
[ Info: Epoch: 25 , Loss: 0.8287626524022964
[ Info: Epoch: 30 , Loss: 0.8287645668316814
[ Info: Epoch: 5 , Loss: 0.828752833276911
[ Info: Epoch: 10 , Loss: 0.8287528332769107
[ Info: Epoch: 15 , Loss: 0.8287528332769111
[ Info: Epoch: 20 , Loss: 0.8287528332769107
[ Info: Epoch: 25 , Loss: 0.8287528332769107
[ Info: Epoch: 30 , Loss: 0.828752833276911
[ Info: Epoch: 5 , Loss: 0.8286933700565516
[ Info: Epoch: 10 , Loss: 0.8286895023752799
[ Info: Epoch: 15 , Loss: 0.8286684089977727
[ Info: Epoch: 20 , Loss: 0.8286932292079395
[ Info: Epoch: 25 , Loss: 0.8286942771026667
[ Info: Epoch: 30 , Loss: 0.8286506488547161
[ Info: Epoch: 5 , Loss: 0.8286538667018893
[ Info: Epoch: 10 , Loss: 0.8286648618942856
[ Info: Epoch: 15 , Loss: 0.8286609366096442
[ Info: Epoch: 20 , Loss: 0.828689462255389
[ Info: Epoch: 25 , Loss: 0.8286876361181731
[ Info: Epoch: 30 , Loss: 0.8286674484294402
[ Info: Epoch: 5 , Loss: 0.8286710592472551
[ Info: Epoch: 10 , Loss: 0.828665999587997
[ Info: Epoch: 15 , Loss: 0.828675290285276
[ Info: Epoch: 20 , Loss: 0.8286830561349969
[ Info: Epoch: 25 , Loss: 0.8286670701495716
[ Info: Epoch: 30 , Loss: 0.8286709395473559
[ Info: Epoch: 5 , Loss: 0.8286482190127152
[ Info: Epoch: 10 , Loss: 0.8286482190127155
[ Info: Epoch: 15 , Loss: 0.8286482190127153
[ Info: Epoch: 20 , Loss: 0.8286482190127152
[ Info: Epoch: 25 , Loss: 0.8286482190127152
[ Info: Epoch: 30 , Loss: 0.8286482190127152
[ Info: Epoch: 5 , Loss: 0.8285946577968201
[ Info: Epoch: 10 , Loss: 0.8285701591476683
[ Info: Epoch: 15 , Loss: 0.8285702582593404
[ Info: Epoch: 20 , Loss: 0.828562426165691
[ Info: Epoch: 25 , Loss: 0.8285569491247293
[ Info: Epoch: 30 , Loss: 0.8285852778087943
[ Info: Epoch: 5 , Loss: 0.828546489065038
[ Info: Epoch: 10 , Loss: 0.8285280463374799
[ Info: Epoch: 15 , Loss: 0.8285292859089247
[ Info: Epoch: 20 , Loss: 0.8285528256754822
[ Info: Epoch: 25 , Loss: 0.82854078654201
[ Info: Epoch: 30 , Loss: 0.8285285607240239
[ Info: Epoch: 5 , Loss: 0.8285159801787126
[ Info: Epoch: 10 , Loss: 0.8285034153997252
[ Info: Epoch: 15 , Loss: 0.8285209073424106
[ Info: Epoch: 20 , Loss: 0.8285256508553424
[ Info: Epoch: 25 , Loss: 0.8285271764463404
[ Info: Epoch: 30 , Loss: 0.8285230794658567
[ Info: Epoch: 5 , Loss: 0.8284779138472063
[ Info: Epoch: 10 , Loss: 0.8284779138472064
[ Info: Epoch: 15 , Loss: 0.8284779138472063
[ Info: Epoch: 20 , Loss: 0.8284779138472063
[ Info: Epoch: 25 , Loss: 0.8284779138472063
[ Info: Epoch: 30 , Loss: 0.8284779138472063
[ Info: Epoch: 5 , Loss: 0.8285132225893601
[ Info: Epoch: 10 , Loss: 0.8285285674905187
[ Info: Epoch: 15 , Loss: 0.8284893336723753
[ Info: Epoch: 20 , Loss: 0.8285236347438728
[ Info: Epoch: 25 , Loss: 0.8285189396828773
[ Info: Epoch: 30 , Loss: 0.8285648839867309
[ Info: Epoch: 5 , Loss: 0.8285013846090269
[ Info: Epoch: 10 , Loss: 0.82851967490094
[ Info: Epoch: 15 , Loss: 0.8285136214161203
[ Info: Epoch: 20 , Loss: 0.8285085880809474
[ Info: Epoch: 25 , Loss: 0.8285098381081515
[ Info: Epoch: 30 , Loss: 0.8285136760541961
[ Info: Epoch: 5 , Loss: 0.8284582052858429
[ Info: Epoch: 10 , Loss: 0.8284432859056787
[ Info: Epoch: 15 , Loss: 0.8284557648718902
[ Info: Epoch: 20 , Loss: 0.8284611585488691
[ Info: Epoch: 25 , Loss: 0.8284543469982208
[ Info: Epoch: 30 , Loss: 0.8284653333612898
[ Info: Epoch: 5 , Loss: 0.8284462050378136
[ Info: Epoch: 10 , Loss: 0.8284462050378135
[ Info: Epoch: 15 , Loss: 0.8284462050378135
[ Info: Epoch: 20 , Loss: 0.8284462050378134
[ Info: Epoch: 25 , Loss: 0.8284462050378134
[ Info: Epoch: 30 , Loss: 0.8284462050378136
[ Info: Epoch: 5 , Loss: 0.8283124862110721
[ Info: Epoch: 10 , Loss: 0.8283944805537171
[ Info: Epoch: 15 , Loss: 0.8284139308884146
[ Info: Epoch: 20 , Loss: 0.8284370342153269
[ Info: Epoch: 25 , Loss: 0.8284270086875531
[ Info: Epoch: 30 , Loss: 0.828418017632214
[ Info: Epoch: 5 , Loss: 0.8284742821791234
[ Info: Epoch: 10 , Loss: 0.8284659630484444
[ Info: Epoch: 15 , Loss: 0.8284672801129982
[ Info: Epoch: 20 , Loss: 0.8284651976768045
[ Info: Epoch: 25 , Loss: 0.828460601625208
[ Info: Epoch: 30 , Loss: 0.8284582473387369
[ Info: Epoch: 5 , Loss: 0.8285309076525065
[ Info: Epoch: 10 , Loss: 0.828526421096368
[ Info: Epoch: 15 , Loss: 0.8285260996974105
[ Info: Epoch: 20 , Loss: 0.8285214521949068
[ Info: Epoch: 25 , Loss: 0.8285260880421386
[ Info: Epoch: 30 , Loss: 0.8285293644606178
[ Info: Epoch: 5 , Loss: 0.8285502095748557
[ Info: Epoch: 10 , Loss: 0.8285502095748557
[ Info: Epoch: 15 , Loss: 0.8285502095748557
[ Info: Epoch: 20 , Loss: 0.8285502095748556
[ Info: Epoch: 25 , Loss: 0.8285502095748557
[ Info: Epoch: 30 , Loss: 0.8285502095748557
[ Info: Epoch: 5 , Loss: 0.8285353246684145
[ Info: Epoch: 10 , Loss: 0.8286208652181805
[ Info: Epoch: 15 , Loss: 0.8285452941416381
[ Info: Epoch: 20 , Loss: 0.8285578380633857
[ Info: Epoch: 25 , Loss: 0.8285434619373544
[ Info: Epoch: 30 , Loss: 0.8285470803734838
[ Info: Epoch: 5 , Loss: 0.8285113862146516
[ Info: Epoch: 10 , Loss: 0.8284911991735395
[ Info: Epoch: 15 , Loss: 0.8285182981009876
[ Info: Epoch: 20 , Loss: 0.8285022124915777
[ Info: Epoch: 25 , Loss: 0.8285239639714431
[ Info: Epoch: 30 , Loss: 0.828523032060682
[ Info: Epoch: 5 , Loss: 0.8284821052103787
[ Info: Epoch: 10 , Loss: 0.8284801953621145
[ Info: Epoch: 15 , Loss: 0.8284826488290462
[ Info: Epoch: 20 , Loss: 0.8284786442242045
[ Info: Epoch: 25 , Loss: 0.8284684039656308
[ Info: Epoch: 30 , Loss: 0.8284925945680405
[ Info: Epoch: 5 , Loss: 0.8285396156416474
[ Info: Epoch: 10 , Loss: 0.8285396156416471
[ Info: Epoch: 15 , Loss: 0.8285396156416471
[ Info: Epoch: 20 , Loss: 0.8285396156416472
[ Info: Epoch: 25 , Loss: 0.828539615641647
[ Info: Epoch: 30 , Loss: 0.8285396156416472
[ Info: Epoch: 5 , Loss: 0.8285549457604978
[ Info: Epoch: 10 , Loss: 0.8285493824591343
[ Info: Epoch: 15 , Loss: 0.8285267017496756
[ Info: Epoch: 20 , Loss: 0.8285841723837609
[ Info: Epoch: 25 , Loss: 0.8285432995881014
[ Info: Epoch: 30 , Loss: 0.828505269691508
[ Info: Epoch: 5 , Loss: 0.8285339307886096
[ Info: Epoch: 10 , Loss: 0.8285227897784397
[ Info: Epoch: 15 , Loss: 0.8285320077550423
[ Info: Epoch: 20 , Loss: 0.8285473103905263
[ Info: Epoch: 25 , Loss: 0.8285177379630345
[ Info: Epoch: 30 , Loss: 0.8285406445895738
[ Info: Epoch: 5 , Loss: 0.8285351353821299
[ Info: Epoch: 10 , Loss: 0.828532387773236
[ Info: Epoch: 15 , Loss: 0.8285300504302373
[ Info: Epoch: 20 , Loss: 0.8285312752591549
[ Info: Epoch: 25 , Loss: 0.8285358111006463
[ Info: Epoch: 30 , Loss: 0.8285325914090252
[ Info: Epoch: 5 , Loss: 0.8285191007419339
[ Info: Epoch: 10 , Loss: 0.8285191007419339
[ Info: Epoch: 15 , Loss: 0.828519100741934
[ Info: Epoch: 20 , Loss: 0.8285191007419339
[ Info: Epoch: 25 , Loss: 0.8285191007419339
[ Info: Epoch: 30 , Loss: 0.8285191007419338
[ Info: Epoch: 5 , Loss: 0.8285333588418803
[ Info: Epoch: 10 , Loss: 0.8285590890727249
[ Info: Epoch: 15 , Loss: 0.8285581892382252
[ Info: Epoch: 20 , Loss: 0.8285571483162653
[ Info: Epoch: 25 , Loss: 0.8285235155632076
[ Info: Epoch: 30 , Loss: 0.8285293146894628
[ Info: Epoch: 5 , Loss: 0.8284993332703637
[ Info: Epoch: 10 , Loss: 0.8285047541320915
[ Info: Epoch: 15 , Loss: 0.8284929959320412
[ Info: Epoch: 20 , Loss: 0.8285040810146321
[ Info: Epoch: 25 , Loss: 0.8284964296158313
[ Info: Epoch: 30 , Loss: 0.8285018319759778
[ Info: Epoch: 5 , Loss: 0.8284863717760292
[ Info: Epoch: 10 , Loss: 0.8284807706375619
[ Info: Epoch: 15 , Loss: 0.8284864807305625
[ Info: Epoch: 20 , Loss: 0.8284792814877261
[ Info: Epoch: 25 , Loss: 0.8284851096393403
[ Info: Epoch: 30 , Loss: 0.8284810725567513
[ Info: Epoch: 5 , Loss: 0.828500792166047
[ Info: Epoch: 10 , Loss: 0.828500792166047
[ Info: Epoch: 15 , Loss: 0.828500792166047
[ Info: Epoch: 20 , Loss: 0.8285007921660471
[ Info: Epoch: 25 , Loss: 0.8285007921660469
[ Info: Epoch: 30 , Loss: 0.8285007921660471
[ Info: Epoch: 5 , Loss: 0.8285184160666711
[ Info: Epoch: 10 , Loss: 0.828527230879533
[ Info: Epoch: 15 , Loss: 0.8284791429965032
[ Info: Epoch: 20 , Loss: 0.8285251411919855
[ Info: Epoch: 25 , Loss: 0.8285054540548734
[ Info: Epoch: 30 , Loss: 0.8285088785002578
[ Info: Epoch: 5 , Loss: 0.8284989836206461
[ Info: Epoch: 10 , Loss: 0.8284963422247592
[ Info: Epoch: 15 , Loss: 0.8284923098637738
[ Info: Epoch: 20 , Loss: 0.8285082306231989
[ Info: Epoch: 25 , Loss: 0.8284999574554543
[ Info: Epoch: 30 , Loss: 0.8284655231808061
[ Info: Epoch: 5 , Loss: 0.8285273007720886
[ Info: Epoch: 10 , Loss: 0.8285307712908222
[ Info: Epoch: 15 , Loss: 0.8285284428635903
[ Info: Epoch: 20 , Loss: 0.8285299128402163
[ Info: Epoch: 25 , Loss: 0.8285198237421981
[ Info: Epoch: 30 , Loss: 0.8285283589285942
[ Info: Epoch: 5 , Loss: 0.8285374304992902
[ Info: Epoch: 10 , Loss: 0.8285374304992904
[ Info: Epoch: 15 , Loss: 0.8285374304992903
[ Info: Epoch: 20 , Loss: 0.8285374304992904
[ Info: Epoch: 25 , Loss: 0.8285374304992903
[ Info: Epoch: 30 , Loss: 0.8285374304992902
[ Info: Epoch: 5 , Loss: 0.8284830738955873
[ Info: Epoch: 10 , Loss: 0.8285017444211654
[ Info: Epoch: 15 , Loss: 0.8284742246454148
[ Info: Epoch: 20 , Loss: 0.8284733320562176
[ Info: Epoch: 25 , Loss: 0.8284641834497778
[ Info: Epoch: 30 , Loss: 0.8284569477812678
[ Info: Epoch: 5 , Loss: 0.8284718687514742
[ Info: Epoch: 10 , Loss: 0.8284520566890257
[ Info: Epoch: 15 , Loss: 0.8284530541095421
[ Info: Epoch: 20 , Loss: 0.8284620998481396
[ Info: Epoch: 25 , Loss: 0.8284623415773168
[ Info: Epoch: 30 , Loss: 0.8284602509402671
[ Info: Epoch: 5 , Loss: 0.8284051525621106
[ Info: Epoch: 10 , Loss: 0.8284013760953667
[ Info: Epoch: 15 , Loss: 0.8284000335314068
[ Info: Epoch: 20 , Loss: 0.8284058157105054
[ Info: Epoch: 25 , Loss: 0.8283996864645885
[ Info: Epoch: 30 , Loss: 0.8284066753161833
[ Info: Epoch: 5 , Loss: 0.8284299623678334
[ Info: Epoch: 10 , Loss: 0.8284299623678334
[ Info: Epoch: 15 , Loss: 0.8284299623678333
[ Info: Epoch: 20 , Loss: 0.8284299623678333
[ Info: Epoch: 25 , Loss: 0.8284299623678334
[ Info: Epoch: 30 , Loss: 0.8284299623678333
[ Info: Epoch: 5 , Loss: 0.8284532682352507
[ Info: Epoch: 10 , Loss: 0.8284300384270694
[ Info: Epoch: 15 , Loss: 0.8284306925195776
[ Info: Epoch: 20 , Loss: 0.8284534914652623
[ Info: Epoch: 25 , Loss: 0.8284213559982063
[ Info: Epoch: 30 , Loss: 0.8284376355913893
[ Info: Epoch: 5 , Loss: 0.8284398266750269
[ Info: Epoch: 10 , Loss: 0.8284475550801764
[ Info: Epoch: 15 , Loss: 0.8284364374394504
[ Info: Epoch: 20 , Loss: 0.8284501671459612
[ Info: Epoch: 25 , Loss: 0.8284744355925623
[ Info: Epoch: 30 , Loss: 0.8284548446517962
[ Info: Epoch: 5 , Loss: 0.8284060688884406
[ Info: Epoch: 10 , Loss: 0.8284070557695553
[ Info: Epoch: 15 , Loss: 0.8284099280337388
[ Info: Epoch: 20 , Loss: 0.8284076527470988
[ Info: Epoch: 25 , Loss: 0.82841174339367
[ Info: Epoch: 30 , Loss: 0.8284069381064347
[ Info: Epoch: 5 , Loss: 0.8283618410822223
[ Info: Epoch: 10 , Loss: 0.8283618410822223
[ Info: Epoch: 15 , Loss: 0.8283618410822223
[ Info: Epoch: 20 , Loss: 0.8283618410822224
[ Info: Epoch: 25 , Loss: 0.8283618410822223
[ Info: Epoch: 30 , Loss: 0.8283618410822225
[ Info: Epoch: 5 , Loss: 0.8282728955845657
[ Info: Epoch: 10 , Loss: 0.8282844316825415
[ Info: Epoch: 15 , Loss: 0.8282909806106323
[ Info: Epoch: 20 , Loss: 0.8282784210632561
[ Info: Epoch: 25 , Loss: 0.8282738664343252
[ Info: Epoch: 30 , Loss: 0.828281352502028
[ Info: Epoch: 5 , Loss: 0.8282466704316717
[ Info: Epoch: 10 , Loss: 0.8282304674238383
[ Info: Epoch: 15 , Loss: 0.8282290983985676
[ Info: Epoch: 20 , Loss: 0.828240895102631
[ Info: Epoch: 25 , Loss: 0.8282356824470231
[ Info: Epoch: 30 , Loss: 0.8282337246538025
[ Info: Epoch: 5 , Loss: 0.8282136766327082
[ Info: Epoch: 10 , Loss: 0.8282148579597126
[ Info: Epoch: 15 , Loss: 0.8282097426572134
[ Info: Epoch: 20 , Loss: 0.8282068786027496
[ Info: Epoch: 25 , Loss: 0.8282012882651582
[ Info: Epoch: 30 , Loss: 0.8282046884067812
[ Info: Epoch: 5 , Loss: 0.8281508696879807
[ Info: Epoch: 10 , Loss: 0.8281508696879807
[ Info: Epoch: 15 , Loss: 0.8281508696879806
[ Info: Epoch: 20 , Loss: 0.8281508696879808
[ Info: Epoch: 25 , Loss: 0.8281508696879806
[ Info: Epoch: 30 , Loss: 0.8281508696879806
[ Info: Epoch: 5 , Loss: 0.8280892816692424
[ Info: Epoch: 10 , Loss: 0.8280881357113559
[ Info: Epoch: 15 , Loss: 0.828055501042143
[ Info: Epoch: 20 , Loss: 0.828043717114035
[ Info: Epoch: 25 , Loss: 0.8280736048133701
[ Info: Epoch: 30 , Loss: 0.8280350052955892
[ Info: Epoch: 5 , Loss: 0.8280273332794112
[ Info: Epoch: 10 , Loss: 0.8280240551781273
[ Info: Epoch: 15 , Loss: 0.8280104202206933
[ Info: Epoch: 20 , Loss: 0.8280171172580015
[ Info: Epoch: 25 , Loss: 0.8280160566400313
[ Info: Epoch: 30 , Loss: 0.8280143428812972
[ Info: Epoch: 5 , Loss: 0.8279712466629304
[ Info: Epoch: 10 , Loss: 0.8279716892822787
[ Info: Epoch: 15 , Loss: 0.8279705714909553
[ Info: Epoch: 20 , Loss: 0.8279710241463479
[ Info: Epoch: 25 , Loss: 0.8279697014254112
[ Info: Epoch: 30 , Loss: 0.8279758808005658
[ Info: Epoch: 5 , Loss: 0.8279489875291214
[ Info: Epoch: 10 , Loss: 0.8279489875291214
[ Info: Epoch: 15 , Loss: 0.8279489875291214
[ Info: Epoch: 20 , Loss: 0.8279489875291214
[ Info: Epoch: 25 , Loss: 0.8279489875291214
[ Info: Epoch: 30 , Loss: 0.8279489875291214
[ Info: Epoch: 5 , Loss: 0.8279271328546574
[ Info: Epoch: 10 , Loss: 0.8279250310958015
[ Info: Epoch: 15 , Loss: 0.8279485105645807
[ Info: Epoch: 20 , Loss: 0.8279283138615996
[ Info: Epoch: 25 , Loss: 0.8279319320070341
[ Info: Epoch: 30 , Loss: 0.82792866894816
[ Info: Epoch: 5 , Loss: 0.8279420345496996
[ Info: Epoch: 10 , Loss: 0.8279304210585172
[ Info: Epoch: 15 , Loss: 0.827937800923083
[ Info: Epoch: 20 , Loss: 0.8279298612340482
[ Info: Epoch: 25 , Loss: 0.8279264752867155
[ Info: Epoch: 30 , Loss: 0.8279331456283694
[ Info: Epoch: 5 , Loss: 0.8279569092502418
[ Info: Epoch: 10 , Loss: 0.8279620558702883
[ Info: Epoch: 15 , Loss: 0.8279599203506594
[ Info: Epoch: 20 , Loss: 0.8279559496374368
[ Info: Epoch: 25 , Loss: 0.8279612513225293
[ Info: Epoch: 30 , Loss: 0.8279579487687073
[ Info: Epoch: 5 , Loss: 0.8279572672658985
[ Info: Epoch: 10 , Loss: 0.8279572672658982
[ Info: Epoch: 15 , Loss: 0.8279572672658984
[ Info: Epoch: 20 , Loss: 0.8279572672658984
[ Info: Epoch: 25 , Loss: 0.8279572672658982
[ Info: Epoch: 30 , Loss: 0.8279572672658982
[ Info: Epoch: 5 , Loss: 0.8278981094912758
[ Info: Epoch: 10 , Loss: 0.8279058719665793
[ Info: Epoch: 15 , Loss: 0.8277942753195573
[ Info: Epoch: 20 , Loss: 0.8279267884623487
[ Info: Epoch: 25 , Loss: 0.8279245054230335
[ Info: Epoch: 30 , Loss: 0.8279047083305587
[ Info: Epoch: 5 , Loss: 0.827891040673558
[ Info: Epoch: 10 , Loss: 0.8278784603930791
[ Info: Epoch: 15 , Loss: 0.8278862008817223
[ Info: Epoch: 20 , Loss: 0.827891264756618
[ Info: Epoch: 25 , Loss: 0.827883926941718
[ Info: Epoch: 30 , Loss: 0.8278730663934567
[ Info: Epoch: 5 , Loss: 0.8278234110594999
[ Info: Epoch: 10 , Loss: 0.8278214421404978
[ Info: Epoch: 15 , Loss: 0.8278272129655706
[ Info: Epoch: 20 , Loss: 0.82782049751828
[ Info: Epoch: 25 , Loss: 0.8278249101390852
[ Info: Epoch: 30 , Loss: 0.8278164021611462
[ Info: Epoch: 5 , Loss: 0.8278230672941198
[ Info: Epoch: 10 , Loss: 0.8278230672941199
[ Info: Epoch: 15 , Loss: 0.8278230672941198
[ Info: Epoch: 20 , Loss: 0.8278230672941198
[ Info: Epoch: 25 , Loss: 0.8278230672941198
[ Info: Epoch: 30 , Loss: 0.82782306729412
[ Info: Epoch: 5 , Loss: 0.8277994485726523
[ Info: Epoch: 10 , Loss: 0.8278096848707391
[ Info: Epoch: 15 , Loss: 0.827811492815837
[ Info: Epoch: 20 , Loss: 0.8277911535511405
[ Info: Epoch: 25 , Loss: 0.8277978262134011
[ Info: Epoch: 30 , Loss: 0.8277875542571661
[ Info: Epoch: 5 , Loss: 0.8277571238821079
[ Info: Epoch: 10 , Loss: 0.8277282203282993
[ Info: Epoch: 15 , Loss: 0.8277612813593694
[ Info: Epoch: 20 , Loss: 0.8277626788330217
[ Info: Epoch: 25 , Loss: 0.8277589357123858
[ Info: Epoch: 30 , Loss: 0.8277607592225416
[ Info: Epoch: 5 , Loss: 0.827688616481062
[ Info: Epoch: 10 , Loss: 0.8276885095277974
[ Info: Epoch: 15 , Loss: 0.8276820849845454
[ Info: Epoch: 20 , Loss: 0.8276885178662737
[ Info: Epoch: 25 , Loss: 0.8276837599799655
[ Info: Epoch: 30 , Loss: 0.8276869315864424
[ Info: Epoch: 5 , Loss: 0.8276718885517638
[ Info: Epoch: 10 , Loss: 0.8276718885517638
[ Info: Epoch: 15 , Loss: 0.827671888551764
[ Info: Epoch: 20 , Loss: 0.8276718885517638
[ Info: Epoch: 25 , Loss: 0.8276718885517638
[ Info: Epoch: 30 , Loss: 0.8276718885517638
[ Info: Epoch: 5 , Loss: 0.8276880967144878
[ Info: Epoch: 10 , Loss: 0.8276899347034444
[ Info: Epoch: 15 , Loss: 0.8276618317144137
[ Info: Epoch: 20 , Loss: 0.8276451589402468
[ Info: Epoch: 25 , Loss: 0.8276662134112683
[ Info: Epoch: 30 , Loss: 0.8276543072849405
[ Info: Epoch: 5 , Loss: 0.8276190365708357
[ Info: Epoch: 10 , Loss: 0.827628150357478
[ Info: Epoch: 15 , Loss: 0.8276086051815553
[ Info: Epoch: 20 , Loss: 0.8276182707549123
[ Info: Epoch: 25 , Loss: 0.8276167802638226
[ Info: Epoch: 30 , Loss: 0.8275997192966151
[ Info: Epoch: 5 , Loss: 0.8276087726915905
[ Info: Epoch: 10 , Loss: 0.8276087495937078
[ Info: Epoch: 15 , Loss: 0.8276129455788509
[ Info: Epoch: 20 , Loss: 0.8276004271397198
[ Info: Epoch: 25 , Loss: 0.8276128744338556
[ Info: Epoch: 30 , Loss: 0.827608240698379
[ Info: Epoch: 5 , Loss: 0.8275897782795475
[ Info: Epoch: 10 , Loss: 0.8275897782795474
[ Info: Epoch: 15 , Loss: 0.8275897782795475
[ Info: Epoch: 20 , Loss: 0.8275897782795478
[ Info: Epoch: 25 , Loss: 0.8275897782795475
[ Info: Epoch: 30 , Loss: 0.8275897782795478
[ Info: Epoch: 5 , Loss: 0.8275537985056071
[ Info: Epoch: 10 , Loss: 0.8275421202362893
[ Info: Epoch: 15 , Loss: 0.82754974795605
[ Info: Epoch: 20 , Loss: 0.8275731202862904
[ Info: Epoch: 25 , Loss: 0.8275708147303651
[ Info: Epoch: 30 , Loss: 0.8275306186408615
[ Info: Epoch: 5 , Loss: 0.8275236155873748
[ Info: Epoch: 10 , Loss: 0.8275202482429221
[ Info: Epoch: 15 , Loss: 0.8275179098826874
[ Info: Epoch: 20 , Loss: 0.8275227363560842
[ Info: Epoch: 25 , Loss: 0.8274999081959278
[ Info: Epoch: 30 , Loss: 0.8275196667302274
[ Info: Epoch: 5 , Loss: 0.827507175041941
[ Info: Epoch: 10 , Loss: 0.8275058862473376
[ Info: Epoch: 15 , Loss: 0.8275046411515448
[ Info: Epoch: 20 , Loss: 0.8275085175078689
[ Info: Epoch: 25 , Loss: 0.8275027315187523
[ Info: Epoch: 30 , Loss: 0.8275037844827462
[ Info: Epoch: 5 , Loss: 0.8274598313900683
[ Info: Epoch: 10 , Loss: 0.8274598313900681
[ Info: Epoch: 15 , Loss: 0.8274598313900684
[ Info: Epoch: 20 , Loss: 0.8274598313900683
[ Info: Epoch: 25 , Loss: 0.8274598313900683
[ Info: Epoch: 30 , Loss: 0.8274598313900684
[ Info: Epoch: 5 , Loss: 0.8274790635109419
[ Info: Epoch: 10 , Loss: 0.8274670287268946
[ Info: Epoch: 15 , Loss: 0.8274863770888552
[ Info: Epoch: 20 , Loss: 0.8274821335415914
[ Info: Epoch: 25 , Loss: 0.827469764549359
[ Info: Epoch: 30 , Loss: 0.8274893237183768
[ Info: Epoch: 5 , Loss: 0.8274575216733834
[ Info: Epoch: 10 , Loss: 0.8274697429054351
[ Info: Epoch: 15 , Loss: 0.8274480210231029
[ Info: Epoch: 20 , Loss: 0.8274699681895435
[ Info: Epoch: 25 , Loss: 0.827470819316417
[ Info: Epoch: 30 , Loss: 0.8274627464678687
[ Info: Epoch: 5 , Loss: 0.82745904789283
[ Info: Epoch: 10 , Loss: 0.8274595730533395
[ Info: Epoch: 15 , Loss: 0.8274591244656131
[ Info: Epoch: 20 , Loss: 0.8274623835798437
[ Info: Epoch: 25 , Loss: 0.8274613228526371
[ Info: Epoch: 30 , Loss: 0.8274641849509758
[ Info: Epoch: 5 , Loss: 0.8274078985762437
[ Info: Epoch: 10 , Loss: 0.8274078985762434
[ Info: Epoch: 15 , Loss: 0.8274078985762437
[ Info: Epoch: 20 , Loss: 0.8274078985762436
[ Info: Epoch: 25 , Loss: 0.8274078985762437
[ Info: Epoch: 30 , Loss: 0.8274078985762434
[ Info: Epoch: 5 , Loss: 0.8273752374832332
[ Info: Epoch: 10 , Loss: 0.8273624896599099
[ Info: Epoch: 15 , Loss: 0.8273510154993787
[ Info: Epoch: 20 , Loss: 0.8273515315184752
[ Info: Epoch: 25 , Loss: 0.8273933013590379
[ Info: Epoch: 30 , Loss: 0.8273748922542068
[ Info: Epoch: 5 , Loss: 0.8273171768971008
[ Info: Epoch: 10 , Loss: 0.8273128851959699
[ Info: Epoch: 15 , Loss: 0.8273244968660292
[ Info: Epoch: 20 , Loss: 0.8273264625432083
[ Info: Epoch: 25 , Loss: 0.8273143678668636
[ Info: Epoch: 30 , Loss: 0.8273241987119621
[ Info: Epoch: 5 , Loss: 0.8273098677835958
[ Info: Epoch: 10 , Loss: 0.8273148190409176
[ Info: Epoch: 15 , Loss: 0.8273149058507401
[ Info: Epoch: 20 , Loss: 0.8273170422454257
[ Info: Epoch: 25 , Loss: 0.8273049750947535
[ Info: Epoch: 30 , Loss: 0.8273167483342619
[ Info: Epoch: 5 , Loss: 0.8272826717959834
[ Info: Epoch: 10 , Loss: 0.8272826717959834
[ Info: Epoch: 15 , Loss: 0.8272826717959836
[ Info: Epoch: 20 , Loss: 0.8272826717959836
[ Info: Epoch: 25 , Loss: 0.8272826717959837
[ Info: Epoch: 30 , Loss: 0.8272826717959834
[ Info: Epoch: 5 , Loss: 0.8273055770457042
[ Info: Epoch: 10 , Loss: 0.8272831963777164
[ Info: Epoch: 15 , Loss: 0.8272725104903328
[ Info: Epoch: 20 , Loss: 0.8272937742321869
[ Info: Epoch: 25 , Loss: 0.8272853610004294
[ Info: Epoch: 30 , Loss: 0.8272882701591922
[ Info: Epoch: 5 , Loss: 0.8272300620462447
[ Info: Epoch: 10 , Loss: 0.8272662561353747
[ Info: Epoch: 15 , Loss: 0.8272585638073726
[ Info: Epoch: 20 , Loss: 0.8272695617095983
[ Info: Epoch: 25 , Loss: 0.8272654167582129
[ Info: Epoch: 30 , Loss: 0.8272730442881806
[ Info: Epoch: 5 , Loss: 0.8272796912687014
[ Info: Epoch: 10 , Loss: 0.8272819474556108
[ Info: Epoch: 15 , Loss: 0.8272784849539214
[ Info: Epoch: 20 , Loss: 0.8272822039341884
[ Info: Epoch: 25 , Loss: 0.8272780333361429
[ Info: Epoch: 30 , Loss: 0.8272797849869372
[ Info: Epoch: 5 , Loss: 0.8272600950314901
[ Info: Epoch: 10 , Loss: 0.8272600950314901
[ Info: Epoch: 15 , Loss: 0.8272600950314901
[ Info: Epoch: 20 , Loss: 0.8272600950314901
[ Info: Epoch: 25 , Loss: 0.8272600950314901
[ Info: Epoch: 30 , Loss: 0.8272600950314901
[ Info: Epoch: 5 , Loss: 0.8272346391001982
[ Info: Epoch: 10 , Loss: 0.8272400469966203
[ Info: Epoch: 15 , Loss: 0.8272268658142827
[ Info: Epoch: 20 , Loss: 0.8272406463144638
[ Info: Epoch: 25 , Loss: 0.8272163628947253
[ Info: Epoch: 30 , Loss: 0.8272420834694103
[ Info: Epoch: 5 , Loss: 0.8271935105389369
[ Info: Epoch: 10 , Loss: 0.8271839205714108
[ Info: Epoch: 15 , Loss: 0.827189850921572
[ Info: Epoch: 20 , Loss: 0.8271848768163893
[ Info: Epoch: 25 , Loss: 0.8272086919062296
[ Info: Epoch: 30 , Loss: 0.8271915773454095
[ Info: Epoch: 5 , Loss: 0.8271924469828047
[ Info: Epoch: 10 , Loss: 0.8271932245702247
[ Info: Epoch: 15 , Loss: 0.8271887624544081
[ Info: Epoch: 20 , Loss: 0.8271913234578636
[ Info: Epoch: 25 , Loss: 0.8271905505968452
[ Info: Epoch: 30 , Loss: 0.8271930100145454
[ Info: Epoch: 5 , Loss: 0.8271585877201124
[ Info: Epoch: 10 , Loss: 0.8271585877201125
[ Info: Epoch: 15 , Loss: 0.8271585877201124
[ Info: Epoch: 20 , Loss: 0.8271585877201124
[ Info: Epoch: 25 , Loss: 0.8271585877201124
[ Info: Epoch: 30 , Loss: 0.8271585877201124
[ Info: Epoch: 5 , Loss: 0.8271258916438803
[ Info: Epoch: 10 , Loss: 0.8271427036883666
[ Info: Epoch: 15 , Loss: 0.8271382205215274
[ Info: Epoch: 20 , Loss: 0.827127330959626
[ Info: Epoch: 25 , Loss: 0.8271440718709394
[ Info: Epoch: 30 , Loss: 0.8271508754669898
[ Info: Epoch: 5 , Loss: 0.8271101870379938
[ Info: Epoch: 10 , Loss: 0.8271068548926671
[ Info: Epoch: 15 , Loss: 0.8271014213947422
[ Info: Epoch: 20 , Loss: 0.8271042810208296
[ Info: Epoch: 25 , Loss: 0.82710471937018
[ Info: Epoch: 30 , Loss: 0.8271073335951293
[ Info: Epoch: 5 , Loss: 0.8270803827013247
[ Info: Epoch: 10 , Loss: 0.8270767239484991
[ Info: Epoch: 15 , Loss: 0.8270830739168397
[ Info: Epoch: 20 , Loss: 0.8270821411761127
[ Info: Epoch: 25 , Loss: 0.8270780509932343
[ Info: Epoch: 30 , Loss: 0.8270785794873255
[ Info: Epoch: 5 , Loss: 0.8270457598930658
[ Info: Epoch: 10 , Loss: 0.8270457598930658
[ Info: Epoch: 15 , Loss: 0.8270457598930662
[ Info: Epoch: 20 , Loss: 0.827045759893066
[ Info: Epoch: 25 , Loss: 0.8270457598930662
[ Info: Epoch: 30 , Loss: 0.8270457598930662
[ Info: Epoch: 5 , Loss: 0.827074504481098
[ Info: Epoch: 10 , Loss: 0.8270467754750774
[ Info: Epoch: 15 , Loss: 0.8270401778059521
[ Info: Epoch: 20 , Loss: 0.8270702285169523
[ Info: Epoch: 25 , Loss: 0.8270596231366538
[ Info: Epoch: 30 , Loss: 0.8270480178522116
[ Info: Epoch: 5 , Loss: 0.8270621804413918
[ Info: Epoch: 10 , Loss: 0.8270669928064488
[ Info: Epoch: 15 , Loss: 0.8270590119375849
[ Info: Epoch: 20 , Loss: 0.827041672692882
[ Info: Epoch: 25 , Loss: 0.8270615351927829
[ Info: Epoch: 30 , Loss: 0.8270553754519722
[ Info: Epoch: 5 , Loss: 0.8270760721035652
[ Info: Epoch: 10 , Loss: 0.8270721589993869
[ Info: Epoch: 15 , Loss: 0.8270782852474418
[ Info: Epoch: 20 , Loss: 0.8270714154414772
[ Info: Epoch: 25 , Loss: 0.8270731957975895
[ Info: Epoch: 30 , Loss: 0.8270724658744231
[ Info: Epoch: 5 , Loss: 0.8270449171094303
[ Info: Epoch: 10 , Loss: 0.8270449171094303
[ Info: Epoch: 15 , Loss: 0.8270449171094303
[ Info: Epoch: 20 , Loss: 0.8270449171094305
[ Info: Epoch: 25 , Loss: 0.8270449171094302
[ Info: Epoch: 30 , Loss: 0.8270449171094303
[ Info: Epoch: 5 , Loss: 0.8270266442748767
[ Info: Epoch: 10 , Loss: 0.8269824384057717
[ Info: Epoch: 15 , Loss: 0.827011756889101
[ Info: Epoch: 20 , Loss: 0.8270244219113453
[ Info: Epoch: 25 , Loss: 0.8270074155785154
[ Info: Epoch: 30 , Loss: 0.8270199627954647
[ Info: Epoch: 5 , Loss: 0.826955898346119
[ Info: Epoch: 10 , Loss: 0.8269599233908308
[ Info: Epoch: 15 , Loss: 0.8269630713277256
[ Info: Epoch: 20 , Loss: 0.8269518948053086
[ Info: Epoch: 25 , Loss: 0.8269503161427729
[ Info: Epoch: 30 , Loss: 0.8269595003319624
[ Info: Epoch: 5 , Loss: 0.8269573800183811
[ Info: Epoch: 10 , Loss: 0.8269644202984979
[ Info: Epoch: 15 , Loss: 0.8269587000513114
[ Info: Epoch: 20 , Loss: 0.8269621981509218
[ Info: Epoch: 25 , Loss: 0.8269618485197396
[ Info: Epoch: 30 , Loss: 0.8269636225949387
[ Info: Epoch: 5 , Loss: 0.8269475208775359
[ Info: Epoch: 10 , Loss: 0.826947520877536
[ Info: Epoch: 15 , Loss: 0.8269475208775359
[ Info: Epoch: 20 , Loss: 0.8269475208775361
[ Info: Epoch: 25 , Loss: 0.8269475208775359
[ Info: Epoch: 30 , Loss: 0.826947520877536
[ Info: Epoch: 5 , Loss: 0.8269344423040776
[ Info: Epoch: 10 , Loss: 0.8269708191676146
[ Info: Epoch: 15 , Loss: 0.8269640232076267
[ Info: Epoch: 20 , Loss: 0.8269540814045974
[ Info: Epoch: 25 , Loss: 0.8269299330904878
[ Info: Epoch: 30 , Loss: 0.8269202260629253
[ Info: Epoch: 5 , Loss: 0.826902769478676
[ Info: Epoch: 10 , Loss: 0.8268987676338995
[ Info: Epoch: 15 , Loss: 0.8269058608027253
[ Info: Epoch: 20 , Loss: 0.8268925564733042
[ Info: Epoch: 25 , Loss: 0.8269005766797344
[ Info: Epoch: 30 , Loss: 0.8269004869707112
[ Info: Epoch: 5 , Loss: 0.8268887405223792
[ Info: Epoch: 10 , Loss: 0.8268875548079047
[ Info: Epoch: 15 , Loss: 0.8268906555153844
[ Info: Epoch: 20 , Loss: 0.8268885999274518
[ Info: Epoch: 25 , Loss: 0.8268872090685536
[ Info: Epoch: 30 , Loss: 0.8268885202652255
[ Info: Epoch: 5 , Loss: 0.8268667074665813
[ Info: Epoch: 10 , Loss: 0.8268667074665813
[ Info: Epoch: 15 , Loss: 0.8268667074665811
[ Info: Epoch: 20 , Loss: 0.8268667074665812
[ Info: Epoch: 25 , Loss: 0.8268667074665813
[ Info: Epoch: 30 , Loss: 0.8268667074665813
[ Info: Epoch: 5 , Loss: 0.8268647836091049
[ Info: Epoch: 10 , Loss: 0.8268827417453236
[ Info: Epoch: 15 , Loss: 0.8268489564287641
[ Info: Epoch: 20 , Loss: 0.8268932310836815
[ Info: Epoch: 25 , Loss: 0.826835544686112
[ Info: Epoch: 30 , Loss: 0.8268688704415472
[ Info: Epoch: 5 , Loss: 0.8268559194841885
[ Info: Epoch: 10 , Loss: 0.8268546559602882
[ Info: Epoch: 15 , Loss: 0.8268512033719737
[ Info: Epoch: 20 , Loss: 0.8268560512122384
[ Info: Epoch: 25 , Loss: 0.8268472582930859
[ Info: Epoch: 30 , Loss: 0.8268529979204566
[ Info: Epoch: 5 , Loss: 0.8268251371614028
[ Info: Epoch: 10 , Loss: 0.8268199938586797
[ Info: Epoch: 15 , Loss: 0.8268239107157809
[ Info: Epoch: 20 , Loss: 0.8268214116416617
[ Info: Epoch: 25 , Loss: 0.8268264066760911
[ Info: Epoch: 30 , Loss: 0.826823495164996
[ Info: Epoch: 5 , Loss: 0.8267987224162431
[ Info: Epoch: 10 , Loss: 0.8267987224162431
[ Info: Epoch: 15 , Loss: 0.826798722416243
[ Info: Epoch: 20 , Loss: 0.8267987224162429
[ Info: Epoch: 25 , Loss: 0.8267987224162434
[ Info: Epoch: 30 , Loss: 0.8267987224162431
[ Info: Epoch: 5 , Loss: 0.8267618092997372
[ Info: Epoch: 10 , Loss: 0.8267674819968291
[ Info: Epoch: 15 , Loss: 0.8267706676556035
[ Info: Epoch: 20 , Loss: 0.826765049964911
[ Info: Epoch: 25 , Loss: 0.8267661002471054
[ Info: Epoch: 30 , Loss: 0.8267695038717586
[ Info: Epoch: 5 , Loss: 0.8267673194418895
[ Info: Epoch: 10 , Loss: 0.8267628982652573
[ Info: Epoch: 15 , Loss: 0.8267644668878302
[ Info: Epoch: 20 , Loss: 0.8267657435799436
[ Info: Epoch: 25 , Loss: 0.8267679060363937
[ Info: Epoch: 30 , Loss: 0.8267692166109606
[ Info: Epoch: 5 , Loss: 0.8267352360363744
[ Info: Epoch: 10 , Loss: 0.8267355180345158
[ Info: Epoch: 15 , Loss: 0.8267325950230191
[ Info: Epoch: 20 , Loss: 0.826730347517675
[ Info: Epoch: 25 , Loss: 0.8267384262664377
[ Info: Epoch: 30 , Loss: 0.8267371417643278
[ Info: Epoch: 5 , Loss: 0.8267141692573544
[ Info: Epoch: 10 , Loss: 0.8267141692573544
[ Info: Epoch: 15 , Loss: 0.8267141692573544
[ Info: Epoch: 20 , Loss: 0.8267141692573544
[ Info: Epoch: 25 , Loss: 0.8267141692573546
[ Info: Epoch: 30 , Loss: 0.8267141692573544
[ Info: Epoch: 5 , Loss: 0.8267460364584039
[ Info: Epoch: 10 , Loss: 0.8267225125650615
[ Info: Epoch: 15 , Loss: 0.8267140337999571
[ Info: Epoch: 20 , Loss: 0.8267228162009108
[ Info: Epoch: 25 , Loss: 0.826721275713033
[ Info: Epoch: 30 , Loss: 0.8267297676043102
[ Info: Epoch: 5 , Loss: 0.8266893355347621
[ Info: Epoch: 10 , Loss: 0.8266984565182008
[ Info: Epoch: 15 , Loss: 0.8266919221133119
[ Info: Epoch: 20 , Loss: 0.826695794613138
[ Info: Epoch: 25 , Loss: 0.8267008506703278
[ Info: Epoch: 30 , Loss: 0.8267001174544133
[ Info: Epoch: 5 , Loss: 0.8266778422957193
[ Info: Epoch: 10 , Loss: 0.826674330621915
[ Info: Epoch: 15 , Loss: 0.8266762041824972
[ Info: Epoch: 20 , Loss: 0.8266668841311936
[ Info: Epoch: 25 , Loss: 0.8266763316786894
[ Info: Epoch: 30 , Loss: 0.8266765805358497
[ Info: Epoch: 5 , Loss: 0.8266546634439709
[ Info: Epoch: 10 , Loss: 0.8266546634439708
[ Info: Epoch: 15 , Loss: 0.8266546634439709
[ Info: Epoch: 20 , Loss: 0.8266546634439709
[ Info: Epoch: 25 , Loss: 0.8266546634439709
[ Info: Epoch: 30 , Loss: 0.8266546634439711
[ Info: Epoch: 5 , Loss: 0.8266549050879304
[ Info: Epoch: 10 , Loss: 0.8266610070378394
[ Info: Epoch: 15 , Loss: 0.8266566586676837
[ Info: Epoch: 20 , Loss: 0.8266726938633921
[ Info: Epoch: 25 , Loss: 0.8266747490590879
[ Info: Epoch: 30 , Loss: 0.8266510856024198
[ Info: Epoch: 5 , Loss: 0.8266407368671596
[ Info: Epoch: 10 , Loss: 0.8266498344096729
[ Info: Epoch: 15 , Loss: 0.8266490239913334
[ Info: Epoch: 20 , Loss: 0.8266448267795237
[ Info: Epoch: 25 , Loss: 0.826645457341502
[ Info: Epoch: 30 , Loss: 0.8266510104810286
[ Info: Epoch: 5 , Loss: 0.8266114796980923
[ Info: Epoch: 10 , Loss: 0.8266135494333342
[ Info: Epoch: 15 , Loss: 0.8266145967238325
[ Info: Epoch: 20 , Loss: 0.8266126701381621
[ Info: Epoch: 25 , Loss: 0.8266123057409788
[ Info: Epoch: 30 , Loss: 0.8266167458206506
[ Info: Epoch: 5 , Loss: 0.8265994754296375
[ Info: Epoch: 10 , Loss: 0.8265994754296377
[ Info: Epoch: 15 , Loss: 0.8265994754296375
[ Info: Epoch: 20 , Loss: 0.8265994754296375
[ Info: Epoch: 25 , Loss: 0.8265994754296377
[ Info: Epoch: 30 , Loss: 0.8265994754296377
[ Info: Epoch: 5 , Loss: 0.8265757884490547
[ Info: Epoch: 10 , Loss: 0.8265994850472415
[ Info: Epoch: 15 , Loss: 0.8266148107769964
[ Info: Epoch: 20 , Loss: 0.8265913062576309
[ Info: Epoch: 25 , Loss: 0.8265745960243751
[ Info: Epoch: 30 , Loss: 0.8266035995719868
[ Info: Epoch: 5 , Loss: 0.826575672881716
[ Info: Epoch: 10 , Loss: 0.8265601006939611
[ Info: Epoch: 15 , Loss: 0.8265774372050093
[ Info: Epoch: 20 , Loss: 0.8265832084457966
[ Info: Epoch: 25 , Loss: 0.8265882474676864
[ Info: Epoch: 30 , Loss: 0.8265793487310376
[ Info: Epoch: 5 , Loss: 0.8265706102881625
[ Info: Epoch: 10 , Loss: 0.8265699352863194
[ Info: Epoch: 15 , Loss: 0.8265730444143672
[ Info: Epoch: 20 , Loss: 0.826575565767513
[ Info: Epoch: 25 , Loss: 0.8265723089300498
[ Info: Epoch: 30 , Loss: 0.8265756060102488
[ Info: Epoch: 5 , Loss: 0.8265607630567973
[ Info: Epoch: 10 , Loss: 0.8265607630567976
[ Info: Epoch: 15 , Loss: 0.8265607630567973
[ Info: Epoch: 20 , Loss: 0.8265607630567976
[ Info: Epoch: 25 , Loss: 0.8265607630567975
[ Info: Epoch: 30 , Loss: 0.8265607630567973
[ Info: Epoch: 5 , Loss: 0.8265171481791508
[ Info: Epoch: 10 , Loss: 0.8265199817425004
[ Info: Epoch: 15 , Loss: 0.8265084872539514
[ Info: Epoch: 20 , Loss: 0.8265390721533477
[ Info: Epoch: 25 , Loss: 0.826525573218113
[ Info: Epoch: 30 , Loss: 0.8265262118369164
[ Info: Epoch: 5 , Loss: 0.8265176392911399
[ Info: Epoch: 10 , Loss: 0.8265228504540646
[ Info: Epoch: 15 , Loss: 0.8265258888285335
[ Info: Epoch: 20 , Loss: 0.8265197124717645
[ Info: Epoch: 25 , Loss: 0.8265275889832145
[ Info: Epoch: 30 , Loss: 0.8265160393427264
[ Info: Epoch: 5 , Loss: 0.8265169513849966
[ Info: Epoch: 10 , Loss: 0.8265124051945755
[ Info: Epoch: 15 , Loss: 0.8265144939391206
[ Info: Epoch: 20 , Loss: 0.8265219606089141
[ Info: Epoch: 25 , Loss: 0.826511395218879
[ Info: Epoch: 30 , Loss: 0.8265134271209182
[ Info: Epoch: 5 , Loss: 0.8265189040474048
[ Info: Epoch: 10 , Loss: 0.8265189040474048
[ Info: Epoch: 15 , Loss: 0.8265189040474048
[ Info: Epoch: 20 , Loss: 0.8265189040474049
[ Info: Epoch: 25 , Loss: 0.8265189040474048
[ Info: Epoch: 30 , Loss: 0.826518904047405
[ Info: Epoch: 5 , Loss: 0.8265228559734985
[ Info: Epoch: 10 , Loss: 0.8265055386500881
[ Info: Epoch: 15 , Loss: 0.826495359416907
[ Info: Epoch: 20 , Loss: 0.8264962269339449
[ Info: Epoch: 25 , Loss: 0.8264863809718941
[ Info: Epoch: 30 , Loss: 0.8265080998528712
[ Info: Epoch: 5 , Loss: 0.8264785364266358
[ Info: Epoch: 10 , Loss: 0.8264727464886336
[ Info: Epoch: 15 , Loss: 0.8264719042963757
[ Info: Epoch: 20 , Loss: 0.8264391324233472
[ Info: Epoch: 25 , Loss: 0.8264672824935005
[ Info: Epoch: 30 , Loss: 0.8264720591933629
[ Info: Epoch: 5 , Loss: 0.8264587167698291
[ Info: Epoch: 10 , Loss: 0.8264586917617134
[ Info: Epoch: 15 , Loss: 0.8264587389486949
[ Info: Epoch: 20 , Loss: 0.826456906697031
[ Info: Epoch: 25 , Loss: 0.8264558294021558
[ Info: Epoch: 30 , Loss: 0.8264535727911501
[ Info: Epoch: 5 , Loss: 0.8264223890540009
[ Info: Epoch: 10 , Loss: 0.8264223890540007
[ Info: Epoch: 15 , Loss: 0.8264223890540009
[ Info: Epoch: 20 , Loss: 0.8264223890540007
[ Info: Epoch: 25 , Loss: 0.8264223890540009
[ Info: Epoch: 30 , Loss: 0.8264223890540009
[ Info: Epoch: 5 , Loss: 0.8264352148349539
[ Info: Epoch: 10 , Loss: 0.8264342062187582
[ Info: Epoch: 15 , Loss: 0.8264410999008834
[ Info: Epoch: 20 , Loss: 0.8264322960787583
[ Info: Epoch: 25 , Loss: 0.8264369481585546
[ Info: Epoch: 30 , Loss: 0.8264423082036958
[ Info: Epoch: 5 , Loss: 0.8263839750240366
[ Info: Epoch: 10 , Loss: 0.8263846621881527
[ Info: Epoch: 15 , Loss: 0.8263823899937703
[ Info: Epoch: 20 , Loss: 0.8263818552938986
[ Info: Epoch: 25 , Loss: 0.8263846727108883
[ Info: Epoch: 30 , Loss: 0.8263822508252714
[ Info: Epoch: 5 , Loss: 0.8263601613210602
[ Info: Epoch: 10 , Loss: 0.8263585284611117
[ Info: Epoch: 15 , Loss: 0.8263562707505326
[ Info: Epoch: 20 , Loss: 0.8263577177363579
[ Info: Epoch: 25 , Loss: 0.8263547220983855
[ Info: Epoch: 30 , Loss: 0.8263517761974786
[ Info: Epoch: 5 , Loss: 0.8263679074791468
[ Info: Epoch: 10 , Loss: 0.8263679074791468
[ Info: Epoch: 15 , Loss: 0.826367907479147
[ Info: Epoch: 20 , Loss: 0.8263679074791468
[ Info: Epoch: 25 , Loss: 0.8263679074791468
[ Info: Epoch: 30 , Loss: 0.826367907479147
[ Info: Epoch: 5 , Loss: 0.8263499333715479
[ Info: Epoch: 10 , Loss: 0.8263673534362452
[ Info: Epoch: 15 , Loss: 0.8263749977839744
[ Info: Epoch: 20 , Loss: 0.8263782696324323
[ Info: Epoch: 25 , Loss: 0.8263720335004274
[ Info: Epoch: 30 , Loss: 0.8263695336829705
[ Info: Epoch: 5 , Loss: 0.8263424712185202
[ Info: Epoch: 10 , Loss: 0.8263460541841577
[ Info: Epoch: 15 , Loss: 0.8263451461418817
[ Info: Epoch: 20 , Loss: 0.8263471427936426
[ Info: Epoch: 25 , Loss: 0.8263368623696884
[ Info: Epoch: 30 , Loss: 0.8263511358905389
[ Info: Epoch: 5 , Loss: 0.8262881294412622
[ Info: Epoch: 10 , Loss: 0.8262908651600673
[ Info: Epoch: 15 , Loss: 0.826288920356472
[ Info: Epoch: 20 , Loss: 0.8262867130989757
[ Info: Epoch: 25 , Loss: 0.8262863342494595
[ Info: Epoch: 30 , Loss: 0.8262881965721403
[ Info: Epoch: 5 , Loss: 0.8262747000847238
[ Info: Epoch: 10 , Loss: 0.8262747000847237
[ Info: Epoch: 15 , Loss: 0.8262747000847241
[ Info: Epoch: 20 , Loss: 0.8262747000847238
[ Info: Epoch: 25 , Loss: 0.8262747000847241
[ Info: Epoch: 30 , Loss: 0.8262747000847241
[ Info: Epoch: 5 , Loss: 0.8262685676317781
[ Info: Epoch: 10 , Loss: 0.8262947826617414
[ Info: Epoch: 15 , Loss: 0.8262709277337588
[ Info: Epoch: 20 , Loss: 0.8262811361469118
[ Info: Epoch: 25 , Loss: 0.8262819604679396
[ Info: Epoch: 30 , Loss: 0.8262753233948718
[ Info: Epoch: 5 , Loss: 0.8262464418745551
[ Info: Epoch: 10 , Loss: 0.8262476876576066
[ Info: Epoch: 15 , Loss: 0.8262514727776
[ Info: Epoch: 20 , Loss: 0.8262520713558628
[ Info: Epoch: 25 , Loss: 0.8262541152076578
[ Info: Epoch: 30 , Loss: 0.8262517420559449
[ Info: Epoch: 5 , Loss: 0.8262191655848918
[ Info: Epoch: 10 , Loss: 0.8262159350742494
[ Info: Epoch: 15 , Loss: 0.8262168542392435
[ Info: Epoch: 20 , Loss: 0.8262242383522714
[ Info: Epoch: 25 , Loss: 0.8262171829969167
[ Info: Epoch: 30 , Loss: 0.8262168083606328
[ Info: Epoch: 5 , Loss: 0.8262198942374519
[ Info: Epoch: 10 , Loss: 0.8262198942374522
[ Info: Epoch: 15 , Loss: 0.8262198942374519
[ Info: Epoch: 20 , Loss: 0.8262198942374519
[ Info: Epoch: 25 , Loss: 0.826219894237452
[ Info: Epoch: 30 , Loss: 0.8262198942374519
[ Info: Epoch: 5 , Loss: 0.8262113214490618
[ Info: Epoch: 10 , Loss: 0.8262143655193676
[ Info: Epoch: 15 , Loss: 0.8262294260714957
[ Info: Epoch: 20 , Loss: 0.8262028790057988
[ Info: Epoch: 25 , Loss: 0.8262440611693647
[ Info: Epoch: 30 , Loss: 0.8262091319306886
[ Info: Epoch: 5 , Loss: 0.8261932530546436
[ Info: Epoch: 10 , Loss: 0.8261975154130798
[ Info: Epoch: 15 , Loss: 0.8261862873078759
[ Info: Epoch: 20 , Loss: 0.8261908659660079
[ Info: Epoch: 25 , Loss: 0.8261914459211883
[ Info: Epoch: 30 , Loss: 0.8261920685104718
[ Info: Epoch: 5 , Loss: 0.826171966734018
[ Info: Epoch: 10 , Loss: 0.8261730357051805
[ Info: Epoch: 15 , Loss: 0.826168442697061
[ Info: Epoch: 20 , Loss: 0.8261738021578617
[ Info: Epoch: 25 , Loss: 0.8261721347802252
[ Info: Epoch: 30 , Loss: 0.8261750238426335
[ Info: Epoch: 5 , Loss: 0.8261725143076059
[ Info: Epoch: 10 , Loss: 0.8261725143076061
[ Info: Epoch: 15 , Loss: 0.826172514307606
[ Info: Epoch: 20 , Loss: 0.826172514307606
[ Info: Epoch: 25 , Loss: 0.8261725143076059
[ Info: Epoch: 30 , Loss: 0.8261725143076061
[ Info: Epoch: 5 , Loss: 0.8261576807357756
[ Info: Epoch: 10 , Loss: 0.8261224840262135
[ Info: Epoch: 15 , Loss: 0.8261491366837476
[ Info: Epoch: 20 , Loss: 0.8261517256920449
[ Info: Epoch: 25 , Loss: 0.8261723625054018
[ Info: Epoch: 30 , Loss: 0.8261574282521101
[ Info: Epoch: 5 , Loss: 0.8261682835270328
[ Info: Epoch: 10 , Loss: 0.8261710443946215
[ Info: Epoch: 15 , Loss: 0.8261824235415021
[ Info: Epoch: 20 , Loss: 0.8261574405874776
[ Info: Epoch: 25 , Loss: 0.8261658752623178
[ Info: Epoch: 30 , Loss: 0.8261745984568315
[ Info: Epoch: 5 , Loss: 0.8261443146948874
[ Info: Epoch: 10 , Loss: 0.8261461399907841
[ Info: Epoch: 15 , Loss: 0.826144421612511
[ Info: Epoch: 20 , Loss: 0.8261481367009222
[ Info: Epoch: 25 , Loss: 0.82614640879527
[ Info: Epoch: 30 , Loss: 0.8261440292190413
[ Info: Epoch: 5 , Loss: 0.8261393919085719
[ Info: Epoch: 10 , Loss: 0.8261393919085719
[ Info: Epoch: 15 , Loss: 0.8261393919085719
[ Info: Epoch: 20 , Loss: 0.8261393919085719
[ Info: Epoch: 25 , Loss: 0.8261393919085719
[ Info: Epoch: 30 , Loss: 0.8261393919085719
[ Info: Epoch: 5 , Loss: 0.826129651774792
[ Info: Epoch: 10 , Loss: 0.8261094263462633
[ Info: Epoch: 15 , Loss: 0.8261188670303713
[ Info: Epoch: 20 , Loss: 0.826110106480894
[ Info: Epoch: 25 , Loss: 0.8261282697264588
[ Info: Epoch: 30 , Loss: 0.8261405443174943
[ Info: Epoch: 5 , Loss: 0.8261034285582366
[ Info: Epoch: 10 , Loss: 0.8261103382683493
[ Info: Epoch: 15 , Loss: 0.826104348362923
[ Info: Epoch: 20 , Loss: 0.8261092535397293
[ Info: Epoch: 25 , Loss: 0.8261028694803848
[ Info: Epoch: 30 , Loss: 0.8261061612159953
[ Info: Epoch: 5 , Loss: 0.8260821795622109
[ Info: Epoch: 10 , Loss: 0.8260823737765742
[ Info: Epoch: 15 , Loss: 0.8260806109380123
[ Info: Epoch: 20 , Loss: 0.8260809704633133
[ Info: Epoch: 25 , Loss: 0.8260779468379543
[ Info: Epoch: 30 , Loss: 0.8260815582072782
[ Info: Epoch: 5 , Loss: 0.826071727081635
[ Info: Epoch: 10 , Loss: 0.826071727081635
[ Info: Epoch: 15 , Loss: 0.826071727081635
[ Info: Epoch: 20 , Loss: 0.826071727081635
[ Info: Epoch: 25 , Loss: 0.826071727081635
[ Info: Epoch: 30 , Loss: 0.826071727081635
[ Info: Epoch: 5 , Loss: 0.8260639139652867
[ Info: Epoch: 10 , Loss: 0.8260664181147204
[ Info: Epoch: 15 , Loss: 0.8260473842779446
[ Info: Epoch: 20 , Loss: 0.8260455151598762
[ Info: Epoch: 25 , Loss: 0.8260548610999268
[ Info: Epoch: 30 , Loss: 0.8260613408613147
[ Info: Epoch: 5 , Loss: 0.826052023453032
[ Info: Epoch: 10 , Loss: 0.8260467995626246
[ Info: Epoch: 15 , Loss: 0.8260594424560993
[ Info: Epoch: 20 , Loss: 0.8260536242671754
[ Info: Epoch: 25 , Loss: 0.8260564575704028
[ Info: Epoch: 30 , Loss: 0.8260461492691555
[ Info: Epoch: 5 , Loss: 0.8260675909265067
[ Info: Epoch: 10 , Loss: 0.8260664492317605
[ Info: Epoch: 15 , Loss: 0.8260630823423948
[ Info: Epoch: 20 , Loss: 0.8260667584267195
[ Info: Epoch: 25 , Loss: 0.8260647240483142
[ Info: Epoch: 30 , Loss: 0.8260692053680952
[ Info: Epoch: 5 , Loss: 0.8260638024534129
[ Info: Epoch: 10 , Loss: 0.8260638024534126
[ Info: Epoch: 15 , Loss: 0.8260638024534126
[ Info: Epoch: 20 , Loss: 0.8260638024534129
[ Info: Epoch: 25 , Loss: 0.8260638024534129
[ Info: Epoch: 30 , Loss: 0.8260638024534129
[ Info: Epoch: 5 , Loss: 0.8260300891623812
[ Info: Epoch: 10 , Loss: 0.8260305267085493
[ Info: Epoch: 15 , Loss: 0.8260346993153487
[ Info: Epoch: 20 , Loss: 0.8260291170844178
[ Info: Epoch: 25 , Loss: 0.8260366216786422
[ Info: Epoch: 30 , Loss: 0.8260452558848909
[ Info: Epoch: 5 , Loss: 0.8260399045624286
[ Info: Epoch: 10 , Loss: 0.8260417906700233
[ Info: Epoch: 15 , Loss: 0.826042778717045
[ Info: Epoch: 20 , Loss: 0.8260497882511645
[ Info: Epoch: 25 , Loss: 0.826046102936094
[ Info: Epoch: 30 , Loss: 0.8260422593697075
[ Info: Epoch: 5 , Loss: 0.8260269362297159
[ Info: Epoch: 10 , Loss: 0.8260291318262242
[ Info: Epoch: 15 , Loss: 0.826030111619214
[ Info: Epoch: 20 , Loss: 0.8260233267366296
[ Info: Epoch: 25 , Loss: 0.8260334815418411
[ Info: Epoch: 30 , Loss: 0.826029288630344
[ Info: Epoch: 5 , Loss: 0.8260075687570285
[ Info: Epoch: 10 , Loss: 0.8260075687570285
[ Info: Epoch: 15 , Loss: 0.8260075687570286
[ Info: Epoch: 20 , Loss: 0.8260075687570286
[ Info: Epoch: 25 , Loss: 0.8260075687570287
[ Info: Epoch: 30 , Loss: 0.8260075687570285
