
******************************************************************************
This program contains Ipopt, a library for large-scale nonlinear optimization.
 Ipopt is released as open source code under the Eclipse Public License (EPL).
         For more information visit https://github.com/coin-or/Ipopt
******************************************************************************

=====================Starting combination 1=======================
feasi_quantile: 0.0
feasi_quantile: 0.0
feasi_quantile: 0.0
feasi_quantile: 0.0
feasi_quantile: 0.0
feasi_quantile: 0.0
feasi_quantile: 0.0
feasi_quantile: 0.0
feasi_quantile: 0.0
feasi_quantile: 0.0
feasi_quantile: 0.0
feasi_quantile: 0.0
feasi_quantile: 0.0
feasi_quantile: 0.0
feasi_quantile: 0.0
feasi_quantile: 0.0
feasi_quantile: 0.0
feasi_quantile: 0.0
feasi_quantile: 0.0
feasi_quantile: 0.0
feasi_quantile: 0.0
feasi_quantile: 0.0
feasi_quantile: 0.0
feasi_quantile: 0.0
feasi_quantile: 0.0
feasi_quantile: 0.0
feasi_quantile: 0.0
feasi_quantile: 0.0
feasi_quantile: 0.0
feasi_quantile: 0.0
feasi_quantile: 0.0
feasi_quantile: 0.0
feasi_quantile: 0.0
feasi_quantile: 0.0
feasi_quantile: 0.0
feasi_quantile: 0.0
feasi_quantile: 0.0
feasi_quantile: 0.0
feasi_quantile: 0.0
feasi_quantile: 0.0
feasi_quantile: 0.0
feasi_quantile: 0.0
feasi_quantile: 0.0
feasi_quantile: 0.0
feasi_quantile: 0.0
feasi_quantile: 0.0
feasi_quantile: 0.0
feasi_quantile: 0.0
feasi_quantile: 0.0
feasi_quantile: 0.0
feasi_quantile: 0.0
feasi_quantile: 0.0
feasi_quantile: 0.0
feasi_quantile: 0.0
feasi_quantile: 0.0
feasi_quantile: 0.0
feasi_quantile: 0.0
feasi_quantile: 0.0
feasi_quantile: 0.0
feasi_quantile: 0.0
feasi_quantile: 0.0
feasi_quantile: 0.0
feasi_quantile: 0.0
feasi_quantile: 0.0
feasi_quantile: 0.0
feasi_quantile: 0.0
feasi_quantile: 0.0
feasi_quantile: 0.0
feasi_quantile: 0.0
feasi_quantile: 0.0
feasi_quantile: 0.0
feasi_quantile: 0.0
feasi_quantile: 0.0
feasi_quantile: 0.0
feasi_quantile: 0.0
feasi_quantile: 0.0
feasi_quantile: 0.0
feasi_quantile: 0.0
feasi_quantile: 0.0
feasi_quantile: 0.0
feasi_quantile: 0.0
feasi_quantile: 0.0
feasi_quantile: 0.0
feasi_quantile: 0.0
feasi_quantile: 0.0
feasi_quantile: 0.0
feasi_quantile: 0.0
feasi_quantile: 0.0
feasi_quantile: 0.0
feasi_quantile: 0.0
feasi_quantile: 0.0
feasi_quantile: 0.0
feasi_quantile: 0.0
feasi_quantile: 0.0
feasi_quantile: 0.0
feasi_quantile: 0.0
feasi_quantile: 0.0
feasi_quantile: 0.0
feasi_quantile: 0.0
feasi_quantile: 0.0
feasi_quantile: 0.0
feasi_quantile: 0.0
feasi_quantile: 0.0
feasi_quantile: 0.0
feasi_quantile: 0.0
feasi_quantile: 0.0
feasi_quantile: 0.0
feasi_quantile: 0.0
feasi_quantile: 0.0
feasi_quantile: 0.0
feasi_quantile: 0.0
feasi_quantile: 0.0
feasi_quantile: 0.0
feasi_quantile: 0.0
feasi_quantile: 0.0
feasi_quantile: 0.0
feasi_quantile: 0.0
feasi_quantile: 0.0
feasi_quantile: 0.0
feasi_quantile: 0.0
feasi_quantile: 0.0
feasi_quantile: 0.0
feasi_quantile: 0.0
feasi_quantile: 0.0
feasi_quantile: 0.0
feasi_quantile: 0.0
feasi_quantile: 0.0
feasi_quantile: 0.0
feasi_quantile: 0.0
feasi_quantile: 0.0
feasi_quantile: 0.0
feasi_quantile: 0.0
feasi_quantile: 0.0
feasi_quantile: 0.0
feasi_quantile: 0.0
feasi_quantile: 0.0
feasi_quantile: 0.0
feasi_quantile: 0.0
feasi_quantile: 0.0
feasi_quantile: 0.0
feasi_quantile: 0.0
feasi_quantile: 0.0
feasi_quantile: 0.0
feasi_quantile: 0.0
feasi_quantile: 0.0
feasi_quantile: 0.0
feasi_quantile: 0.0
feasi_quantile: 0.0
feasi_quantile: 0.0
feasi_quantile: 0.0
feasi_quantile: 0.0
feasi_quantile: 0.0
feasi_quantile: 0.0
feasi_quantile: 0.0
feasi_quantile: 0.0
feasi_quantile: 0.0
feasi_quantile: 0.0
feasi_quantile: 0.0
feasi_quantile: 0.0
feasi_quantile: 0.0
feasi_quantile: 0.0
feasi_quantile: 0.0
feasi_quantile: 0.0
feasi_quantile: 0.0
feasi_quantile: 0.0
feasi_quantile: 0.0
feasi_quantile: 0.0
feasi_quantile: 0.0
feasi_quantile: 0.0
feasi_quantile: 0.0
feasi_quantile: 0.0
feasi_quantile: 0.0
feasi_quantile: 0.0
feasi_quantile: 0.0
feasi_quantile: 0.0
feasi_quantile: 0.0
feasi_quantile: 0.0
feasi_quantile: 0.0
feasi_quantile: 0.0
feasi_quantile: 0.0
feasi_quantile: 0.0
feasi_quantile: 0.0
feasi_quantile: 0.0
feasi_quantile: 0.0
feasi_quantile: 0.0
feasi_quantile: 0.0
feasi_quantile: 0.0
feasi_quantile: 0.0
feasi_quantile: 0.0
feasi_quantile: 0.0
feasi_quantile: 0.0
feasi_quantile: 0.0
feasi_quantile: 0.0
feasi_quantile: 0.0
feasi_quantile: 0.0
feasi_quantile: 0.0
feasi_quantile: 0.0
feasi_quantile: 0.0
feasi_quantile: 0.0
feasi_quantile: 0.0
feasi_quantile: 0.0
feasi_quantile: 0.0
feasi_quantile: 0.0
feasi_quantile: 0.0
feasi_quantile: 0.0
feasi_quantile: 0.0
feasi_quantile: 0.0
feasi_quantile: 0.0
feasi_quantile: 0.0
feasi_quantile: 0.0
feasi_quantile: 0.0
feasi_quantile: 0.0
feasi_quantile: 0.0
feasi_quantile: 0.0
feasi_quantile: 0.0
feasi_quantile: 0.0
feasi_quantile: 0.0
feasi_quantile: 0.0
feasi_quantile: 0.0
feasi_quantile: 0.0
feasi_quantile: 0.0
feasi_quantile: 0.0
feasi_quantile: 0.0
feasi_quantile: 0.0
feasi_quantile: 0.0
feasi_quantile: 0.0
feasi_quantile: 0.0
feasi_quantile: 0.0
feasi_quantile: 0.0
feasi_quantile: 0.0
feasi_quantile: 0.0
feasi_quantile: 0.0
feasi_quantile: 0.0
feasi_quantile: 0.0
feasi_quantile: 0.0
feasi_quantile: 0.0
feasi_quantile: 0.0
feasi_quantile: 0.0
feasi_quantile: 0.0
feasi_quantile: 0.0
feasi_quantile: 0.0
feasi_quantile: 0.0
feasi_quantile: 0.0
feasi_quantile: 0.0
feasi_quantile: 0.0
feasi_quantile: 0.0
feasi_quantile: 0.0
feasi_quantile: 0.0
feasi_quantile: 0.0
feasi_quantile: 0.0
feasi_quantile: 0.0
feasi_quantile: 0.0
feasi_quantile: 0.0
feasi_quantile: 0.0
feasi_quantile: 0.0
feasi_quantile: 0.0
feasi_quantile: 0.0
feasi_quantile: 0.0
feasi_quantile: 0.0
feasi_quantile: 0.0
feasi_quantile: 0.0
feasi_quantile: 0.0
feasi_quantile: 0.0
feasi_quantile: 0.0
feasi_quantile: 0.0
feasi_quantile: 0.0
feasi_quantile: 0.0
feasi_quantile: 0.0
feasi_quantile: 0.0
feasi_quantile: 0.0
feasi_quantile: 0.0
feasi_quantile: 0.0
feasi_quantile: 0.0
feasi_quantile: 0.0
feasi_quantile: 0.0
feasi_quantile: 0.0
feasi_quantile: 0.0
feasi_quantile: 0.0
feasi_quantile: 0.0
feasi_quantile: 0.0
feasi_quantile: 0.0
feasi_quantile: 0.0
feasi_quantile: 0.0
feasi_quantile: 0.0
feasi_quantile: 0.0
feasi_quantile: 0.0
feasi_quantile: 0.0
feasi_quantile: 0.0
feasi_quantile: 0.0
feasi_quantile: 0.0
feasi_quantile: 0.0
feasi_quantile: 0.0
feasi_quantile: 0.0
feasi_quantile: 0.0
feasi_quantile: 0.0
feasi_quantile: 0.0
feasi_quantile: 0.0
feasi_quantile: 0.0
feasi_quantile: 0.0
feasi_quantile: 0.0
optimal value: -50.000000499950005
Train done! Result Saved!
Experiments completed and results saved in 'results' folder.
